{"/home/liamw/capstone-project-2024-t3-3900f13arat/backend/src/app.ts": {"path":"/home/liamw/capstone-project-2024-t3-3900f13arat/backend/src/app.ts","statementMap":{"0":{"start":{"line":13,"column":2},"end":{"line":13,"column":26}},"1":{"start":{"line":15,"column":2},"end":{"line":15,"column":21}},"2":{"start":{"line":16,"column":2},"end":{"line":16,"column":16}},"3":{"start":{"line":20,"column":2},"end":{"line":20,"column":34}},"4":{"start":{"line":21,"column":2},"end":{"line":21,"column":26}},"5":{"start":{"line":25,"column":2},"end":{"line":25,"column":43}},"6":{"start":{"line":26,"column":2},"end":{"line":26,"column":49}},"7":{"start":{"line":27,"column":2},"end":{"line":27,"column":45}},"8":{"start":{"line":28,"column":2},"end":{"line":28,"column":51}},"9":{"start":{"line":29,"column":2},"end":{"line":29,"column":45}}},"fnMap":{"0":{"name":"(anonymous_0)","decl":{"start":{"line":12,"column":1},"end":{"line":12,"column":null}},"loc":{"start":{"line":12,"column":1},"end":{"line":17,"column":2}}},"1":{"name":"(anonymous_1)","decl":{"start":{"line":19,"column":9},"end":{"line":19,"column":20}},"loc":{"start":{"line":19,"column":20},"end":{"line":22,"column":2}}},"2":{"name":"(anonymous_2)","decl":{"start":{"line":24,"column":9},"end":{"line":24,"column":15}},"loc":{"start":{"line":24,"column":15},"end":{"line":30,"column":2}}}},"branchMap":{},"s":{"0":1,"1":1,"2":1,"3":1,"4":1,"5":1,"6":1,"7":1,"8":1,"9":1},"f":{"0":1,"1":1,"2":1},"b":{}}
,"/home/liamw/capstone-project-2024-t3-3900f13arat/backend/src/prismaClient.ts": {"path":"/home/liamw/capstone-project-2024-t3-3900f13arat/backend/src/prismaClient.ts","statementMap":{"0":{"start":{"line":3,"column":15},"end":{"line":3,"column":33}}},"fnMap":{},"branchMap":{},"s":{"0":1},"f":{},"b":{}}
,"/home/liamw/capstone-project-2024-t3-3900f13arat/backend/src/testCases.ts": {"path":"/home/liamw/capstone-project-2024-t3-3900f13arat/backend/src/testCases.ts","statementMap":{"0":{"start":{"line":27,"column":19},"end":{"line":31,"column":4}},"1":{"start":{"line":33,"column":2},"end":{"line":35,"column":3}},"2":{"start":{"line":34,"column":4},"end":{"line":34,"column":42}},"3":{"start":{"line":38,"column":21},"end":{"line":42,"column":4}},"4":{"start":{"line":44,"column":2},"end":{"line":46,"column":3}},"5":{"start":{"line":45,"column":4},"end":{"line":45,"column":44}},"6":{"start":{"line":50,"column":2},"end":{"line":52,"column":3}},"7":{"start":{"line":51,"column":4},"end":{"line":51,"column":48}},"8":{"start":{"line":55,"column":19},"end":{"line":61,"column":4}},"9":{"start":{"line":63,"column":2},"end":{"line":63,"column":18}}},"fnMap":{"0":{"name":"createTestCase","decl":{"start":{"line":25,"column":22},"end":{"line":25,"column":36}},"loc":{"start":{"line":25,"column":108},"end":{"line":65,"column":1}}}},"branchMap":{"0":{"loc":{"start":{"line":33,"column":2},"end":{"line":35,"column":3}},"type":"if","locations":[{"start":{"line":33,"column":2},"end":{"line":35,"column":3}}]},"1":{"loc":{"start":{"line":44,"column":2},"end":{"line":46,"column":3}},"type":"if","locations":[{"start":{"line":44,"column":2},"end":{"line":46,"column":3}}]},"2":{"loc":{"start":{"line":50,"column":2},"end":{"line":52,"column":3}},"type":"if","locations":[{"start":{"line":50,"column":2},"end":{"line":52,"column":3}}]},"3":{"loc":{"start":{"line":50,"column":6},"end":{"line":50,"column":23}},"type":"binary-expr","locations":[{"start":{"line":50,"column":6},"end":{"line":50,"column":12}},{"start":{"line":50,"column":16},"end":{"line":50,"column":23}}]}},"s":{"0":0,"1":0,"2":0,"3":0,"4":0,"5":0,"6":0,"7":0,"8":0,"9":0},"f":{"0":0},"b":{"0":[0],"1":[0],"2":[0],"3":[0,0]}}
,"/home/liamw/capstone-project-2024-t3-3900f13arat/backend/src/controllers/adminController.ts": {"path":"/home/liamw/capstone-project-2024-t3-3900f13arat/backend/src/controllers/adminController.ts","statementMap":{"0":{"start":{"line":6,"column":31},"end":{"line":51,"column":1}},"1":{"start":{"line":7,"column":21},"end":{"line":7,"column":31}},"2":{"start":{"line":8,"column":22},"end":{"line":8,"column":30}},"3":{"start":{"line":9,"column":2},"end":{"line":50,"column":3}},"4":{"start":{"line":10,"column":17},"end":{"line":12,"column":6}},"5":{"start":{"line":13,"column":4},"end":{"line":16,"column":5}},"6":{"start":{"line":14,"column":6},"end":{"line":14,"column":56}},"7":{"start":{"line":15,"column":6},"end":{"line":15,"column":13}},"8":{"start":{"line":18,"column":4},"end":{"line":45,"column":5}},"9":{"start":{"line":19,"column":6},"end":{"line":26,"column":9}},"10":{"start":{"line":28,"column":25},"end":{"line":32,"column":8}},"11":{"start":{"line":33,"column":6},"end":{"line":36,"column":7}},"12":{"start":{"line":34,"column":8},"end":{"line":34,"column":77}},"13":{"start":{"line":35,"column":8},"end":{"line":35,"column":15}},"14":{"start":{"line":37,"column":6},"end":{"line":44,"column":9}},"15":{"start":{"line":46,"column":4},"end":{"line":46,"column":72}},"16":{"start":{"line":48,"column":4},"end":{"line":48,"column":54}},"17":{"start":{"line":49,"column":4},"end":{"line":49,"column":66}},"18":{"start":{"line":53,"column":32},"end":{"line":107,"column":1}},"19":{"start":{"line":55,"column":4},"end":{"line":66,"column":5}},"20":{"start":{"line":57,"column":8},"end":{"line":57,"column":28}},"21":{"start":{"line":59,"column":8},"end":{"line":59,"column":28}},"22":{"start":{"line":61,"column":8},"end":{"line":61,"column":28}},"23":{"start":{"line":63,"column":8},"end":{"line":63,"column":28}},"24":{"start":{"line":65,"column":8},"end":{"line":65,"column":28}},"25":{"start":{"line":69,"column":55},"end":{"line":69,"column":63}},"26":{"start":{"line":70,"column":2},"end":{"line":106,"column":3}},"27":{"start":{"line":71,"column":19},"end":{"line":73,"column":6}},"28":{"start":{"line":75,"column":4},"end":{"line":78,"column":5}},"29":{"start":{"line":76,"column":6},"end":{"line":76,"column":58}},"30":{"start":{"line":77,"column":6},"end":{"line":77,"column":13}},"31":{"start":{"line":80,"column":4},"end":{"line":92,"column":7}},"32":{"start":{"line":94,"column":21},"end":{"line":101,"column":6}},"33":{"start":{"line":102,"column":4},"end":{"line":102,"column":35}},"34":{"start":{"line":104,"column":4},"end":{"line":104,"column":60}},"35":{"start":{"line":105,"column":4},"end":{"line":105,"column":72}},"36":{"start":{"line":110,"column":28},"end":{"line":124,"column":1}},"37":{"start":{"line":111,"column":38},"end":{"line":111,"column":46}},"38":{"start":{"line":112,"column":2},"end":{"line":123,"column":3}},"39":{"start":{"line":113,"column":22},"end":{"line":119,"column":6}},"40":{"start":{"line":120,"column":4},"end":{"line":120,"column":36}},"41":{"start":{"line":122,"column":4},"end":{"line":122,"column":68}},"42":{"start":{"line":126,"column":26},"end":{"line":133,"column":1}},"43":{"start":{"line":127,"column":2},"end":{"line":132,"column":3}},"44":{"start":{"line":128,"column":20},"end":{"line":128,"column":50}},"45":{"start":{"line":129,"column":4},"end":{"line":129,"column":34}},"46":{"start":{"line":131,"column":4},"end":{"line":131,"column":63}},"47":{"start":{"line":143,"column":24},"end":{"line":150,"column":1}},"48":{"start":{"line":144,"column":2},"end":{"line":149,"column":3}},"49":{"start":{"line":145,"column":18},"end":{"line":145,"column":46}},"50":{"start":{"line":146,"column":4},"end":{"line":146,"column":32}},"51":{"start":{"line":148,"column":4},"end":{"line":148,"column":68}},"52":{"start":{"line":152,"column":34},"end":{"line":176,"column":1}},"53":{"start":{"line":153,"column":2},"end":{"line":175,"column":3}},"54":{"start":{"line":154,"column":28},"end":{"line":161,"column":null}},"55":{"start":{"line":164,"column":21},"end":{"line":169,"column":5}},"56":{"start":{"line":164,"column":55},"end":{"line":169,"column":4}},"57":{"start":{"line":172,"column":4},"end":{"line":172,"column":35}},"58":{"start":{"line":174,"column":4},"end":{"line":174,"column":68}},"59":{"start":{"line":178,"column":33},"end":{"line":213,"column":1}},"60":{"start":{"line":179,"column":2},"end":{"line":212,"column":3}},"61":{"start":{"line":180,"column":27},"end":{"line":192,"column":null}},"62":{"start":{"line":195,"column":4},"end":{"line":198,"column":5}},"63":{"start":{"line":196,"column":6},"end":{"line":196,"column":67}},"64":{"start":{"line":197,"column":6},"end":{"line":197,"column":13}},"65":{"start":{"line":200,"column":21},"end":{"line":207,"column":null}},"66":{"start":{"line":209,"column":4},"end":{"line":209,"column":35}},"67":{"start":{"line":211,"column":4},"end":{"line":211,"column":68}},"68":{"start":{"line":215,"column":36},"end":{"line":238,"column":1}},"69":{"start":{"line":216,"column":48},"end":{"line":216,"column":56}},"70":{"start":{"line":217,"column":31},"end":{"line":217,"column":41}},"71":{"start":{"line":219,"column":2},"end":{"line":237,"column":3}},"72":{"start":{"line":220,"column":4},"end":{"line":233,"column":7}},"73":{"start":{"line":227,"column":51},"end":{"line":227,"column":67}},"74":{"start":{"line":230,"column":54},"end":{"line":230,"column":72}},"75":{"start":{"line":234,"column":4},"end":{"line":234,"column":78}},"76":{"start":{"line":236,"column":4},"end":{"line":236,"column":79}},"77":{"start":{"line":240,"column":25},"end":{"line":257,"column":1}},"78":{"start":{"line":241,"column":2},"end":{"line":256,"column":3}},"79":{"start":{"line":242,"column":33},"end":{"line":242,"column":43}},"80":{"start":{"line":244,"column":4},"end":{"line":247,"column":5}},"81":{"start":{"line":245,"column":6},"end":{"line":245,"column":58}},"82":{"start":{"line":246,"column":6},"end":{"line":246,"column":13}},"83":{"start":{"line":250,"column":23},"end":{"line":250,"column":52}},"84":{"start":{"line":251,"column":4},"end":{"line":251,"column":87}},"85":{"start":{"line":252,"column":4},"end":{"line":252,"column":31}},"86":{"start":{"line":253,"column":4},"end":{"line":253,"column":67}},"87":{"start":{"line":255,"column":4},"end":{"line":255,"column":67}}},"fnMap":{"0":{"name":"(anonymous_0)","decl":{"start":{"line":6,"column":31},"end":{"line":6,"column":36}},"loc":{"start":{"line":6,"column":84},"end":{"line":51,"column":1}}},"1":{"name":"(anonymous_1)","decl":{"start":{"line":53,"column":32},"end":{"line":53,"column":37}},"loc":{"start":{"line":53,"column":85},"end":{"line":107,"column":1}}},"2":{"name":"mapTermToTrimester","decl":{"start":{"line":54,"column":11},"end":{"line":54,"column":29}},"loc":{"start":{"line":54,"column":42},"end":{"line":67,"column":3}}},"3":{"name":"(anonymous_3)","decl":{"start":{"line":110,"column":28},"end":{"line":110,"column":33}},"loc":{"start":{"line":110,"column":81},"end":{"line":124,"column":1}}},"4":{"name":"(anonymous_4)","decl":{"start":{"line":126,"column":26},"end":{"line":126,"column":31}},"loc":{"start":{"line":126,"column":79},"end":{"line":133,"column":1}}},"5":{"name":"(anonymous_5)","decl":{"start":{"line":143,"column":24},"end":{"line":143,"column":29}},"loc":{"start":{"line":143,"column":77},"end":{"line":150,"column":1}}},"6":{"name":"(anonymous_6)","decl":{"start":{"line":152,"column":34},"end":{"line":152,"column":39}},"loc":{"start":{"line":152,"column":87},"end":{"line":176,"column":1}}},"7":{"name":"(anonymous_7)","decl":{"start":{"line":164,"column":41},"end":{"line":164,"column":50}},"loc":{"start":{"line":164,"column":55},"end":{"line":169,"column":4}}},"8":{"name":"(anonymous_8)","decl":{"start":{"line":178,"column":33},"end":{"line":178,"column":38}},"loc":{"start":{"line":178,"column":86},"end":{"line":213,"column":1}}},"9":{"name":"(anonymous_9)","decl":{"start":{"line":215,"column":36},"end":{"line":215,"column":41}},"loc":{"start":{"line":215,"column":89},"end":{"line":238,"column":1}}},"10":{"name":"(anonymous_10)","decl":{"start":{"line":227,"column":29},"end":{"line":227,"column":30}},"loc":{"start":{"line":227,"column":51},"end":{"line":227,"column":67}}},"11":{"name":"(anonymous_11)","decl":{"start":{"line":230,"column":30},"end":{"line":230,"column":31}},"loc":{"start":{"line":230,"column":54},"end":{"line":230,"column":72}}},"12":{"name":"(anonymous_12)","decl":{"start":{"line":240,"column":25},"end":{"line":240,"column":30}},"loc":{"start":{"line":240,"column":78},"end":{"line":257,"column":1}}}},"branchMap":{"0":{"loc":{"start":{"line":13,"column":4},"end":{"line":16,"column":5}},"type":"if","locations":[{"start":{"line":13,"column":4},"end":{"line":16,"column":5}}]},"1":{"loc":{"start":{"line":18,"column":4},"end":{"line":45,"column":5}},"type":"if","locations":[{"start":{"line":18,"column":4},"end":{"line":45,"column":5}},{"start":{"line":27,"column":11},"end":{"line":45,"column":5}}]},"2":{"loc":{"start":{"line":33,"column":6},"end":{"line":36,"column":7}},"type":"if","locations":[{"start":{"line":33,"column":6},"end":{"line":36,"column":7}}]},"3":{"loc":{"start":{"line":55,"column":4},"end":{"line":66,"column":5}},"type":"switch","locations":[{"start":{"line":56,"column":6},"end":{"line":57,"column":28}},{"start":{"line":58,"column":6},"end":{"line":59,"column":28}},{"start":{"line":60,"column":6},"end":{"line":61,"column":28}},{"start":{"line":62,"column":6},"end":{"line":63,"column":28}},{"start":{"line":64,"column":6},"end":{"line":65,"column":28}}]},"4":{"loc":{"start":{"line":75,"column":4},"end":{"line":78,"column":5}},"type":"if","locations":[{"start":{"line":75,"column":4},"end":{"line":78,"column":5}}]},"5":{"loc":{"start":{"line":195,"column":4},"end":{"line":198,"column":5}},"type":"if","locations":[{"start":{"line":195,"column":4},"end":{"line":198,"column":5}}]},"6":{"loc":{"start":{"line":244,"column":4},"end":{"line":247,"column":5}},"type":"if","locations":[{"start":{"line":244,"column":4},"end":{"line":247,"column":5}}]}},"s":{"0":1,"1":0,"2":0,"3":0,"4":0,"5":0,"6":0,"7":0,"8":0,"9":0,"10":0,"11":0,"12":0,"13":0,"14":0,"15":0,"16":0,"17":0,"18":1,"19":30,"20":0,"21":30,"22":0,"23":0,"24":0,"25":10,"26":10,"27":10,"28":10,"29":0,"30":0,"31":10,"32":10,"33":10,"34":0,"35":0,"36":1,"37":10,"38":10,"39":10,"40":10,"41":0,"42":1,"43":0,"44":0,"45":0,"46":0,"47":1,"48":10,"49":10,"50":10,"51":0,"52":1,"53":0,"54":0,"55":0,"56":0,"57":0,"58":0,"59":1,"60":0,"61":0,"62":0,"63":0,"64":0,"65":0,"66":0,"67":0,"68":1,"69":10,"70":10,"71":10,"72":10,"73":10,"74":10,"75":10,"76":0,"77":1,"78":0,"79":0,"80":0,"81":0,"82":0,"83":0,"84":0,"85":0,"86":0,"87":0},"f":{"0":0,"1":10,"2":30,"3":10,"4":0,"5":10,"6":0,"7":0,"8":0,"9":10,"10":10,"11":10,"12":0},"b":{"0":[0],"1":[0,0],"2":[0],"3":[0,30,0,0,0],"4":[0],"5":[0],"6":[0]}}
,"/home/liamw/capstone-project-2024-t3-3900f13arat/backend/src/controllers/authController.ts": {"path":"/home/liamw/capstone-project-2024-t3-3900f13arat/backend/src/controllers/authController.ts","statementMap":{"0":{"start":{"line":6,"column":21},"end":{"line":23,"column":1}},"1":{"start":{"line":7,"column":29},"end":{"line":7,"column":37}},"2":{"start":{"line":8,"column":1},"end":{"line":22,"column":2}},"3":{"start":{"line":9,"column":15},"end":{"line":11,"column":4}},"4":{"start":{"line":14,"column":2},"end":{"line":19,"column":3}},"5":{"start":{"line":15,"column":17},"end":{"line":15,"column":51}},"6":{"start":{"line":16,"column":3},"end":{"line":16,"column":35}},"7":{"start":{"line":18,"column":3},"end":{"line":18,"column":63}},"8":{"start":{"line":21,"column":2},"end":{"line":21,"column":59}},"9":{"start":{"line":25,"column":24},"end":{"line":58,"column":1}},"10":{"start":{"line":26,"column":61},"end":{"line":26,"column":69}},"11":{"start":{"line":28,"column":1},"end":{"line":31,"column":2}},"12":{"start":{"line":29,"column":2},"end":{"line":29,"column":60}},"13":{"start":{"line":30,"column":2},"end":{"line":30,"column":9}},"14":{"start":{"line":33,"column":1},"end":{"line":57,"column":2}},"15":{"start":{"line":34,"column":20},"end":{"line":34,"column":45}},"16":{"start":{"line":35,"column":18},"end":{"line":35,"column":23}},"17":{"start":{"line":36,"column":2},"end":{"line":38,"column":3}},"18":{"start":{"line":37,"column":3},"end":{"line":37,"column":20}},"19":{"start":{"line":39,"column":2},"end":{"line":47,"column":5}},"20":{"start":{"line":48,"column":2},"end":{"line":48,"column":55}},"21":{"start":{"line":50,"column":2},"end":{"line":56,"column":3}},"22":{"start":{"line":51,"column":3},"end":{"line":53,"column":4}},"23":{"start":{"line":52,"column":4},"end":{"line":52,"column":60}},"24":{"start":{"line":55,"column":3},"end":{"line":55,"column":60}}},"fnMap":{"0":{"name":"(anonymous_0)","decl":{"start":{"line":6,"column":21},"end":{"line":6,"column":26}},"loc":{"start":{"line":6,"column":74},"end":{"line":23,"column":1}}},"1":{"name":"(anonymous_1)","decl":{"start":{"line":25,"column":24},"end":{"line":25,"column":29}},"loc":{"start":{"line":25,"column":77},"end":{"line":58,"column":1}}}},"branchMap":{"0":{"loc":{"start":{"line":14,"column":2},"end":{"line":19,"column":3}},"type":"if","locations":[{"start":{"line":14,"column":2},"end":{"line":19,"column":3}},{"start":{"line":17,"column":9},"end":{"line":19,"column":3}}]},"1":{"loc":{"start":{"line":14,"column":6},"end":{"line":14,"column":40}},"type":"binary-expr","locations":[{"start":{"line":14,"column":6},"end":{"line":14,"column":10}},{"start":{"line":14,"column":14},"end":{"line":14,"column":40}}]},"2":{"loc":{"start":{"line":28,"column":1},"end":{"line":31,"column":2}},"type":"if","locations":[{"start":{"line":28,"column":1},"end":{"line":31,"column":2}}]},"3":{"loc":{"start":{"line":36,"column":2},"end":{"line":38,"column":3}},"type":"if","locations":[{"start":{"line":36,"column":2},"end":{"line":38,"column":3}}]},"4":{"loc":{"start":{"line":50,"column":2},"end":{"line":56,"column":3}},"type":"if","locations":[{"start":{"line":50,"column":2},"end":{"line":56,"column":3}},{"start":{"line":54,"column":9},"end":{"line":56,"column":3}}]},"5":{"loc":{"start":{"line":51,"column":3},"end":{"line":53,"column":4}},"type":"if","locations":[{"start":{"line":51,"column":3},"end":{"line":53,"column":4}}]}},"s":{"0":1,"1":20,"2":20,"3":20,"4":20,"5":20,"6":20,"7":0,"8":0,"9":1,"10":20,"11":20,"12":0,"13":0,"14":20,"15":20,"16":20,"17":20,"18":10,"19":20,"20":20,"21":0,"22":0,"23":0,"24":0},"f":{"0":20,"1":20},"b":{"0":[20,0],"1":[20,20],"2":[0],"3":[10],"4":[0,0],"5":[0]}}
,"/home/liamw/capstone-project-2024-t3-3900f13arat/backend/src/controllers/lecturerController.ts": {"path":"/home/liamw/capstone-project-2024-t3-3900f13arat/backend/src/controllers/lecturerController.ts","statementMap":{"0":{"start":{"line":7,"column":32},"end":{"line":45,"column":1}},"1":{"start":{"line":8,"column":2},"end":{"line":44,"column":3}},"2":{"start":{"line":9,"column":4},"end":{"line":12,"column":5}},"3":{"start":{"line":10,"column":6},"end":{"line":10,"column":65}},"4":{"start":{"line":11,"column":6},"end":{"line":11,"column":13}},"5":{"start":{"line":21,"column":8},"end":{"line":21,"column":26}},"6":{"start":{"line":23,"column":26},"end":{"line":39,"column":6}},"7":{"start":{"line":41,"column":4},"end":{"line":41,"column":40}},"8":{"start":{"line":43,"column":4},"end":{"line":43,"column":61}},"9":{"start":{"line":47,"column":32},"end":{"line":84,"column":1}},"10":{"start":{"line":48,"column":2},"end":{"line":83,"column":3}},"11":{"start":{"line":49,"column":4},"end":{"line":52,"column":5}},"12":{"start":{"line":50,"column":6},"end":{"line":50,"column":65}},"13":{"start":{"line":51,"column":6},"end":{"line":51,"column":13}},"14":{"start":{"line":60,"column":8},"end":{"line":60,"column":26}},"15":{"start":{"line":62,"column":4},"end":{"line":65,"column":5}},"16":{"start":{"line":63,"column":6},"end":{"line":63,"column":80}},"17":{"start":{"line":64,"column":6},"end":{"line":64,"column":13}},"18":{"start":{"line":67,"column":30},"end":{"line":77,"column":6}},"19":{"start":{"line":79,"column":4},"end":{"line":79,"column":44}},"20":{"start":{"line":81,"column":4},"end":{"line":81,"column":42}},"21":{"start":{"line":82,"column":4},"end":{"line":82,"column":61}},"22":{"start":{"line":86,"column":30},"end":{"line":109,"column":1}},"23":{"start":{"line":87,"column":2},"end":{"line":108,"column":3}},"24":{"start":{"line":88,"column":25},"end":{"line":88,"column":58}},"25":{"start":{"line":90,"column":23},"end":{"line":98,"column":6}},"26":{"start":{"line":100,"column":4},"end":{"line":103,"column":5}},"27":{"start":{"line":101,"column":6},"end":{"line":101,"column":62}},"28":{"start":{"line":102,"column":6},"end":{"line":102,"column":13}},"29":{"start":{"line":105,"column":4},"end":{"line":105,"column":37}},"30":{"start":{"line":107,"column":4},"end":{"line":107,"column":61}},"31":{"start":{"line":111,"column":32},"end":{"line":136,"column":1}},"32":{"start":{"line":112,"column":2},"end":{"line":135,"column":3}},"33":{"start":{"line":113,"column":25},"end":{"line":113,"column":58}},"34":{"start":{"line":115,"column":23},"end":{"line":119,"column":6}},"35":{"start":{"line":121,"column":4},"end":{"line":124,"column":5}},"36":{"start":{"line":122,"column":6},"end":{"line":122,"column":62}},"37":{"start":{"line":123,"column":6},"end":{"line":123,"column":13}},"38":{"start":{"line":126,"column":4},"end":{"line":130,"column":7}},"39":{"start":{"line":132,"column":4},"end":{"line":132,"column":60}},"40":{"start":{"line":134,"column":4},"end":{"line":134,"column":61}},"41":{"start":{"line":138,"column":26},"end":{"line":146,"column":1}},"42":{"start":{"line":139,"column":53},"end":{"line":139,"column":61}},"43":{"start":{"line":140,"column":1},"end":{"line":145,"column":2}},"44":{"start":{"line":141,"column":23},"end":{"line":141,"column":84}},"45":{"start":{"line":142,"column":3},"end":{"line":142,"column":37}},"46":{"start":{"line":144,"column":3},"end":{"line":144,"column":61}},"47":{"start":{"line":148,"column":31},"end":{"line":161,"column":1}},"48":{"start":{"line":149,"column":2},"end":{"line":160,"column":3}},"49":{"start":{"line":150,"column":29},"end":{"line":150,"column":37}},"50":{"start":{"line":151,"column":23},"end":{"line":151,"column":96}},"51":{"start":{"line":153,"column":4},"end":{"line":156,"column":5}},"52":{"start":{"line":154,"column":6},"end":{"line":154,"column":62}},"53":{"start":{"line":155,"column":6},"end":{"line":155,"column":13}},"54":{"start":{"line":157,"column":4},"end":{"line":157,"column":37}},"55":{"start":{"line":159,"column":4},"end":{"line":159,"column":62}},"56":{"start":{"line":163,"column":36},"end":{"line":188,"column":1}},"57":{"start":{"line":164,"column":2},"end":{"line":187,"column":3}},"58":{"start":{"line":165,"column":45},"end":{"line":165,"column":53}},"59":{"start":{"line":166,"column":27},"end":{"line":177,"column":6}},"60":{"start":{"line":179,"column":4},"end":{"line":182,"column":5}},"61":{"start":{"line":180,"column":6},"end":{"line":180,"column":58}},"62":{"start":{"line":181,"column":6},"end":{"line":181,"column":13}},"63":{"start":{"line":184,"column":4},"end":{"line":184,"column":58}},"64":{"start":{"line":186,"column":4},"end":{"line":186,"column":62}},"65":{"start":{"line":190,"column":34},"end":{"line":207,"column":1}},"66":{"start":{"line":191,"column":2},"end":{"line":206,"column":3}},"67":{"start":{"line":192,"column":26},"end":{"line":192,"column":34}},"68":{"start":{"line":193,"column":20},"end":{"line":197,"column":6}},"69":{"start":{"line":199,"column":4},"end":{"line":202,"column":5}},"70":{"start":{"line":200,"column":6},"end":{"line":200,"column":59}},"71":{"start":{"line":201,"column":6},"end":{"line":201,"column":13}},"72":{"start":{"line":203,"column":4},"end":{"line":203,"column":34}},"73":{"start":{"line":205,"column":4},"end":{"line":205,"column":62}},"74":{"start":{"line":209,"column":35},"end":{"line":243,"column":1}},"75":{"start":{"line":210,"column":2},"end":{"line":242,"column":3}},"76":{"start":{"line":211,"column":17},"end":{"line":223,"column":6}},"77":{"start":{"line":225,"column":4},"end":{"line":228,"column":5}},"78":{"start":{"line":226,"column":6},"end":{"line":226,"column":69}},"79":{"start":{"line":227,"column":6},"end":{"line":227,"column":13}},"80":{"start":{"line":230,"column":21},"end":{"line":237,"column":5}},"81":{"start":{"line":230,"column":60},"end":{"line":237,"column":4}},"82":{"start":{"line":239,"column":4},"end":{"line":239,"column":35}},"83":{"start":{"line":241,"column":4},"end":{"line":241,"column":63}},"84":{"start":{"line":245,"column":41},"end":{"line":295,"column":1}},"85":{"start":{"line":246,"column":1},"end":{"line":294,"column":2}},"86":{"start":{"line":247,"column":29},"end":{"line":247,"column":58}},"87":{"start":{"line":248,"column":15},"end":{"line":261,"column":4}},"88":{"start":{"line":263,"column":4},"end":{"line":266,"column":5}},"89":{"start":{"line":264,"column":6},"end":{"line":264,"column":102}},"90":{"start":{"line":265,"column":6},"end":{"line":265,"column":13}},"91":{"start":{"line":268,"column":21},"end":{"line":289,"column":null}},"92":{"start":{"line":275,"column":52},"end":{"line":282,"column":5}},"93":{"start":{"line":283,"column":62},"end":{"line":288,"column":8}},"94":{"start":{"line":291,"column":4},"end":{"line":291,"column":35}},"95":{"start":{"line":293,"column":4},"end":{"line":293,"column":63}},"96":{"start":{"line":297,"column":34},"end":{"line":371,"column":1}},"97":{"start":{"line":298,"column":2},"end":{"line":370,"column":3}},"98":{"start":{"line":299,"column":25},"end":{"line":299,"column":58}},"99":{"start":{"line":301,"column":17},"end":{"line":315,"column":6}},"100":{"start":{"line":317,"column":4},"end":{"line":320,"column":5}},"101":{"start":{"line":318,"column":6},"end":{"line":318,"column":106}},"102":{"start":{"line":319,"column":6},"end":{"line":319,"column":13}},"103":{"start":{"line":322,"column":30},"end":{"line":332,"column":37}},"104":{"start":{"line":323,"column":26},"end":{"line":323,"column":92}},"105":{"start":{"line":324,"column":33},"end":{"line":324,"column":114}},"106":{"start":{"line":324,"column":47},"end":{"line":324,"column":113}},"107":{"start":{"line":326,"column":6},"end":{"line":329,"column":7}},"108":{"start":{"line":327,"column":8},"end":{"line":327,"column":90}},"109":{"start":{"line":327,"column":24},"end":{"line":327,"column":88}},"110":{"start":{"line":328,"column":8},"end":{"line":328,"column":29}},"111":{"start":{"line":331,"column":6},"end":{"line":331,"column":17}},"112":{"start":{"line":335,"column":22},"end":{"line":335,"column":122}},"113":{"start":{"line":335,"column":54},"end":{"line":335,"column":120}},"114":{"start":{"line":336,"column":25},"end":{"line":336,"column":42}},"115":{"start":{"line":337,"column":28},"end":{"line":337,"column":63}},"116":{"start":{"line":339,"column":4},"end":{"line":365,"column":8}},"117":{"start":{"line":340,"column":26},"end":{"line":340,"column":92}},"118":{"start":{"line":341,"column":6},"end":{"line":343,"column":7}},"119":{"start":{"line":342,"column":8},"end":{"line":342,"column":15}},"120":{"start":{"line":345,"column":30},"end":{"line":345,"column":95}},"121":{"start":{"line":347,"column":24},"end":{"line":348,"column":82}},"122":{"start":{"line":350,"column":33},"end":{"line":350,"column":125}},"123":{"start":{"line":352,"column":6},"end":{"line":364,"column":9}},"124":{"start":{"line":353,"column":22},"end":{"line":353,"column":114}},"125":{"start":{"line":353,"column":70},"end":{"line":353,"column":83}},"126":{"start":{"line":355,"column":8},"end":{"line":363,"column":11}},"127":{"start":{"line":367,"column":4},"end":{"line":367,"column":60}},"128":{"start":{"line":369,"column":4},"end":{"line":369,"column":66}}},"fnMap":{"0":{"name":"(anonymous_0)","decl":{"start":{"line":7,"column":32},"end":{"line":7,"column":37}},"loc":{"start":{"line":7,"column":85},"end":{"line":45,"column":1}}},"1":{"name":"(anonymous_1)","decl":{"start":{"line":47,"column":32},"end":{"line":47,"column":37}},"loc":{"start":{"line":47,"column":85},"end":{"line":84,"column":1}}},"2":{"name":"(anonymous_2)","decl":{"start":{"line":86,"column":30},"end":{"line":86,"column":35}},"loc":{"start":{"line":86,"column":83},"end":{"line":109,"column":1}}},"3":{"name":"(anonymous_3)","decl":{"start":{"line":111,"column":32},"end":{"line":111,"column":37}},"loc":{"start":{"line":111,"column":85},"end":{"line":136,"column":1}}},"4":{"name":"(anonymous_4)","decl":{"start":{"line":138,"column":26},"end":{"line":138,"column":31}},"loc":{"start":{"line":138,"column":79},"end":{"line":146,"column":1}}},"5":{"name":"(anonymous_5)","decl":{"start":{"line":148,"column":31},"end":{"line":148,"column":36}},"loc":{"start":{"line":148,"column":84},"end":{"line":161,"column":1}}},"6":{"name":"(anonymous_6)","decl":{"start":{"line":163,"column":36},"end":{"line":163,"column":41}},"loc":{"start":{"line":163,"column":89},"end":{"line":188,"column":1}}},"7":{"name":"(anonymous_7)","decl":{"start":{"line":190,"column":34},"end":{"line":190,"column":39}},"loc":{"start":{"line":190,"column":87},"end":{"line":207,"column":1}}},"8":{"name":"(anonymous_8)","decl":{"start":{"line":209,"column":35},"end":{"line":209,"column":40}},"loc":{"start":{"line":209,"column":88},"end":{"line":243,"column":1}}},"9":{"name":"(anonymous_9)","decl":{"start":{"line":230,"column":46},"end":{"line":230,"column":55}},"loc":{"start":{"line":230,"column":60},"end":{"line":237,"column":4}}},"10":{"name":"(anonymous_10)","decl":{"start":{"line":245,"column":41},"end":{"line":245,"column":46}},"loc":{"start":{"line":245,"column":94},"end":{"line":295,"column":1}}},"11":{"name":"(anonymous_11)","decl":{"start":{"line":275,"column":37},"end":{"line":275,"column":47}},"loc":{"start":{"line":275,"column":52},"end":{"line":282,"column":5}}},"12":{"name":"(anonymous_12)","decl":{"start":{"line":283,"column":50},"end":{"line":283,"column":57}},"loc":{"start":{"line":283,"column":62},"end":{"line":288,"column":8}}},"13":{"name":"(anonymous_13)","decl":{"start":{"line":297,"column":34},"end":{"line":297,"column":39}},"loc":{"start":{"line":297,"column":87},"end":{"line":371,"column":1}}},"14":{"name":"(anonymous_14)","decl":{"start":{"line":322,"column":54},"end":{"line":322,"column":55}},"loc":{"start":{"line":322,"column":74},"end":{"line":332,"column":5}}},"15":{"name":"(anonymous_15)","decl":{"start":{"line":324,"column":42},"end":{"line":324,"column":43}},"loc":{"start":{"line":324,"column":47},"end":{"line":324,"column":113}}},"16":{"name":"(anonymous_16)","decl":{"start":{"line":327,"column":19},"end":{"line":327,"column":20}},"loc":{"start":{"line":327,"column":24},"end":{"line":327,"column":88}}},"17":{"name":"(anonymous_17)","decl":{"start":{"line":335,"column":41},"end":{"line":335,"column":49}},"loc":{"start":{"line":335,"column":54},"end":{"line":335,"column":120}}},"18":{"name":"(anonymous_18)","decl":{"start":{"line":339,"column":44},"end":{"line":339,"column":49}},"loc":{"start":{"line":339,"column":63},"end":{"line":365,"column":5}}},"19":{"name":"(anonymous_19)","decl":{"start":{"line":352,"column":38},"end":{"line":352,"column":39}},"loc":{"start":{"line":352,"column":50},"end":{"line":364,"column":7}}},"20":{"name":"(anonymous_20)","decl":{"start":{"line":353,"column":60},"end":{"line":353,"column":66}},"loc":{"start":{"line":353,"column":70},"end":{"line":353,"column":83}}}},"branchMap":{"0":{"loc":{"start":{"line":9,"column":4},"end":{"line":12,"column":5}},"type":"if","locations":[{"start":{"line":9,"column":4},"end":{"line":12,"column":5}}]},"1":{"loc":{"start":{"line":49,"column":4},"end":{"line":52,"column":5}},"type":"if","locations":[{"start":{"line":49,"column":4},"end":{"line":52,"column":5}}]},"2":{"loc":{"start":{"line":62,"column":4},"end":{"line":65,"column":5}},"type":"if","locations":[{"start":{"line":62,"column":4},"end":{"line":65,"column":5}}]},"3":{"loc":{"start":{"line":100,"column":4},"end":{"line":103,"column":5}},"type":"if","locations":[{"start":{"line":100,"column":4},"end":{"line":103,"column":5}}]},"4":{"loc":{"start":{"line":121,"column":4},"end":{"line":124,"column":5}},"type":"if","locations":[{"start":{"line":121,"column":4},"end":{"line":124,"column":5}}]},"5":{"loc":{"start":{"line":153,"column":4},"end":{"line":156,"column":5}},"type":"if","locations":[{"start":{"line":153,"column":4},"end":{"line":156,"column":5}}]},"6":{"loc":{"start":{"line":179,"column":4},"end":{"line":182,"column":5}},"type":"if","locations":[{"start":{"line":179,"column":4},"end":{"line":182,"column":5}}]},"7":{"loc":{"start":{"line":199,"column":4},"end":{"line":202,"column":5}},"type":"if","locations":[{"start":{"line":199,"column":4},"end":{"line":202,"column":5}}]},"8":{"loc":{"start":{"line":225,"column":4},"end":{"line":228,"column":5}},"type":"if","locations":[{"start":{"line":225,"column":4},"end":{"line":228,"column":5}}]},"9":{"loc":{"start":{"line":263,"column":4},"end":{"line":266,"column":5}},"type":"if","locations":[{"start":{"line":263,"column":4},"end":{"line":266,"column":5}}]},"10":{"loc":{"start":{"line":317,"column":4},"end":{"line":320,"column":5}},"type":"if","locations":[{"start":{"line":317,"column":4},"end":{"line":320,"column":5}}]},"11":{"loc":{"start":{"line":323,"column":26},"end":{"line":323,"column":92}},"type":"cond-expr","locations":[{"start":{"line":323,"column":51},"end":{"line":323,"column":69}},{"start":{"line":323,"column":72},"end":{"line":323,"column":92}}]},"12":{"loc":{"start":{"line":324,"column":48},"end":{"line":324,"column":96}},"type":"cond-expr","locations":[{"start":{"line":324,"column":73},"end":{"line":324,"column":82}},{"start":{"line":324,"column":85},"end":{"line":324,"column":96}}]},"13":{"loc":{"start":{"line":326,"column":6},"end":{"line":329,"column":7}},"type":"if","locations":[{"start":{"line":326,"column":6},"end":{"line":329,"column":7}}]},"14":{"loc":{"start":{"line":326,"column":10},"end":{"line":326,"column":94}},"type":"binary-expr","locations":[{"start":{"line":326,"column":10},"end":{"line":326,"column":29}},{"start":{"line":326,"column":33},"end":{"line":326,"column":94}}]},"15":{"loc":{"start":{"line":327,"column":24},"end":{"line":327,"column":88}},"type":"cond-expr","locations":[{"start":{"line":327,"column":49},"end":{"line":327,"column":58}},{"start":{"line":327,"column":61},"end":{"line":327,"column":88}}]},"16":{"loc":{"start":{"line":340,"column":26},"end":{"line":340,"column":92}},"type":"cond-expr","locations":[{"start":{"line":340,"column":51},"end":{"line":340,"column":69}},{"start":{"line":340,"column":72},"end":{"line":340,"column":92}}]},"17":{"loc":{"start":{"line":341,"column":6},"end":{"line":343,"column":7}},"type":"if","locations":[{"start":{"line":341,"column":6},"end":{"line":343,"column":7}}]},"18":{"loc":{"start":{"line":347,"column":24},"end":{"line":348,"column":82}},"type":"cond-expr","locations":[{"start":{"line":347,"column":49},"end":{"line":347,"column":118}},{"start":{"line":348,"column":8},"end":{"line":348,"column":82}}]},"19":{"loc":{"start":{"line":353,"column":22},"end":{"line":353,"column":114}},"type":"cond-expr","locations":[{"start":{"line":353,"column":45},"end":{"line":353,"column":108}},{"start":{"line":353,"column":111},"end":{"line":353,"column":114}}]}},"s":{"0":1,"1":20,"2":20,"3":0,"4":0,"5":20,"6":20,"7":20,"8":0,"9":1,"10":0,"11":0,"12":0,"13":0,"14":0,"15":0,"16":0,"17":0,"18":0,"19":0,"20":0,"21":0,"22":1,"23":0,"24":0,"25":0,"26":0,"27":0,"28":0,"29":0,"30":0,"31":1,"32":0,"33":0,"34":0,"35":0,"36":0,"37":0,"38":0,"39":0,"40":0,"41":1,"42":0,"43":0,"44":0,"45":0,"46":0,"47":1,"48":0,"49":0,"50":0,"51":0,"52":0,"53":0,"54":0,"55":0,"56":1,"57":0,"58":0,"59":0,"60":0,"61":0,"62":0,"63":0,"64":0,"65":1,"66":0,"67":0,"68":0,"69":0,"70":0,"71":0,"72":0,"73":0,"74":1,"75":0,"76":0,"77":0,"78":0,"79":0,"80":0,"81":0,"82":0,"83":0,"84":1,"85":0,"86":0,"87":0,"88":0,"89":0,"90":0,"91":0,"92":0,"93":0,"94":0,"95":0,"96":1,"97":0,"98":0,"99":0,"100":0,"101":0,"102":0,"103":0,"104":0,"105":0,"106":0,"107":0,"108":0,"109":0,"110":0,"111":0,"112":0,"113":0,"114":0,"115":0,"116":0,"117":0,"118":0,"119":0,"120":0,"121":0,"122":0,"123":0,"124":0,"125":0,"126":0,"127":0,"128":0},"f":{"0":20,"1":0,"2":0,"3":0,"4":0,"5":0,"6":0,"7":0,"8":0,"9":0,"10":0,"11":0,"12":0,"13":0,"14":0,"15":0,"16":0,"17":0,"18":0,"19":0,"20":0},"b":{"0":[0],"1":[0],"2":[0],"3":[0],"4":[0],"5":[0],"6":[0],"7":[0],"8":[0],"9":[0],"10":[0],"11":[0,0],"12":[0,0],"13":[0],"14":[0,0],"15":[0,0],"16":[0,0],"17":[0],"18":[0,0],"19":[0,0]}}
,"/home/liamw/capstone-project-2024-t3-3900f13arat/backend/src/controllers/studentController.ts": {"path":"/home/liamw/capstone-project-2024-t3-3900f13arat/backend/src/controllers/studentController.ts","statementMap":{"0":{"start":{"line":6,"column":32},"end":{"line":8,"column":1}},"1":{"start":{"line":7,"column":1},"end":{"line":7,"column":52}},"2":{"start":{"line":10,"column":37},"end":{"line":12,"column":1}},"3":{"start":{"line":11,"column":1},"end":{"line":11,"column":51}},"4":{"start":{"line":14,"column":35},"end":{"line":56,"column":1}},"5":{"start":{"line":15,"column":1},"end":{"line":55,"column":2}},"6":{"start":{"line":16,"column":27},"end":{"line":16,"column":37}},"7":{"start":{"line":18,"column":2},"end":{"line":21,"column":3}},"8":{"start":{"line":19,"column":3},"end":{"line":19,"column":55}},"9":{"start":{"line":20,"column":3},"end":{"line":20,"column":10}},"10":{"start":{"line":23,"column":2},"end":{"line":26,"column":3}},"11":{"start":{"line":24,"column":3},"end":{"line":24,"column":69}},"12":{"start":{"line":25,"column":3},"end":{"line":25,"column":10}},"13":{"start":{"line":28,"column":44},"end":{"line":28,"column":62}},"14":{"start":{"line":29,"column":25},"end":{"line":29,"column":68}},"15":{"start":{"line":31,"column":19},"end":{"line":31,"column":32}},"16":{"start":{"line":32,"column":21},"end":{"line":39,"column":4}},"17":{"start":{"line":41,"column":26},"end":{"line":41,"column":73}},"18":{"start":{"line":42,"column":18},"end":{"line":42,"column":50}},"19":{"start":{"line":44,"column":19},"end":{"line":50,"column":null}},"20":{"start":{"line":48,"column":36},"end":{"line":48,"column":49}},"21":{"start":{"line":49,"column":36},"end":{"line":49,"column":50}},"22":{"start":{"line":52,"column":2},"end":{"line":52,"column":33}},"23":{"start":{"line":54,"column":2},"end":{"line":54,"column":56}},"24":{"start":{"line":58,"column":25},"end":{"line":60,"column":1}},"25":{"start":{"line":59,"column":1},"end":{"line":59,"column":53}},"26":{"start":{"line":62,"column":30},"end":{"line":64,"column":1}},"27":{"start":{"line":63,"column":1},"end":{"line":63,"column":56}},"28":{"start":{"line":66,"column":37},"end":{"line":100,"column":1}},"29":{"start":{"line":67,"column":1},"end":{"line":99,"column":2}},"30":{"start":{"line":68,"column":15},"end":{"line":80,"column":4}},"31":{"start":{"line":82,"column":2},"end":{"line":85,"column":3}},"32":{"start":{"line":83,"column":3},"end":{"line":83,"column":66}},"33":{"start":{"line":84,"column":3},"end":{"line":84,"column":10}},"34":{"start":{"line":87,"column":19},"end":{"line":94,"column":5}},"35":{"start":{"line":87,"column":58},"end":{"line":94,"column":4}},"36":{"start":{"line":96,"column":2},"end":{"line":96,"column":33}},"37":{"start":{"line":98,"column":2},"end":{"line":98,"column":61}},"38":{"start":{"line":102,"column":43},"end":{"line":147,"column":1}},"39":{"start":{"line":103,"column":1},"end":{"line":146,"column":2}},"40":{"start":{"line":104,"column":29},"end":{"line":104,"column":58}},"41":{"start":{"line":105,"column":15},"end":{"line":119,"column":4}},"42":{"start":{"line":121,"column":2},"end":{"line":124,"column":3}},"43":{"start":{"line":122,"column":3},"end":{"line":122,"column":94}},"44":{"start":{"line":123,"column":3},"end":{"line":123,"column":10}},"45":{"start":{"line":126,"column":19},"end":{"line":141,"column":null}},"46":{"start":{"line":133,"column":52},"end":{"line":140,"column":5}},"47":{"start":{"line":143,"column":2},"end":{"line":143,"column":33}},"48":{"start":{"line":145,"column":2},"end":{"line":145,"column":61}},"49":{"start":{"line":149,"column":34},"end":{"line":171,"column":1}},"50":{"start":{"line":150,"column":1},"end":{"line":170,"column":2}},"51":{"start":{"line":151,"column":27},"end":{"line":151,"column":37}},"52":{"start":{"line":152,"column":21},"end":{"line":160,"column":4}},"53":{"start":{"line":162,"column":2},"end":{"line":165,"column":3}},"54":{"start":{"line":163,"column":3},"end":{"line":163,"column":89}},"55":{"start":{"line":164,"column":3},"end":{"line":164,"column":10}},"56":{"start":{"line":167,"column":2},"end":{"line":167,"column":36}},"57":{"start":{"line":169,"column":2},"end":{"line":169,"column":67}}},"fnMap":{"0":{"name":"(anonymous_0)","decl":{"start":{"line":6,"column":32},"end":{"line":6,"column":37}},"loc":{"start":{"line":6,"column":85},"end":{"line":8,"column":1}}},"1":{"name":"(anonymous_1)","decl":{"start":{"line":10,"column":37},"end":{"line":10,"column":42}},"loc":{"start":{"line":10,"column":90},"end":{"line":12,"column":1}}},"2":{"name":"(anonymous_2)","decl":{"start":{"line":14,"column":35},"end":{"line":14,"column":40}},"loc":{"start":{"line":14,"column":116},"end":{"line":56,"column":1}}},"3":{"name":"(anonymous_3)","decl":{"start":{"line":48,"column":26},"end":{"line":48,"column":32}},"loc":{"start":{"line":48,"column":36},"end":{"line":48,"column":49}}},"4":{"name":"(anonymous_4)","decl":{"start":{"line":49,"column":26},"end":{"line":49,"column":32}},"loc":{"start":{"line":49,"column":36},"end":{"line":49,"column":50}}},"5":{"name":"(anonymous_5)","decl":{"start":{"line":58,"column":25},"end":{"line":58,"column":30}},"loc":{"start":{"line":58,"column":78},"end":{"line":60,"column":1}}},"6":{"name":"(anonymous_6)","decl":{"start":{"line":62,"column":30},"end":{"line":62,"column":35}},"loc":{"start":{"line":62,"column":83},"end":{"line":64,"column":1}}},"7":{"name":"(anonymous_7)","decl":{"start":{"line":66,"column":37},"end":{"line":66,"column":42}},"loc":{"start":{"line":66,"column":90},"end":{"line":100,"column":1}}},"8":{"name":"(anonymous_8)","decl":{"start":{"line":87,"column":44},"end":{"line":87,"column":53}},"loc":{"start":{"line":87,"column":58},"end":{"line":94,"column":4}}},"9":{"name":"(anonymous_9)","decl":{"start":{"line":102,"column":43},"end":{"line":102,"column":48}},"loc":{"start":{"line":102,"column":96},"end":{"line":147,"column":1}}},"10":{"name":"(anonymous_10)","decl":{"start":{"line":133,"column":37},"end":{"line":133,"column":47}},"loc":{"start":{"line":133,"column":52},"end":{"line":140,"column":5}}},"11":{"name":"(anonymous_11)","decl":{"start":{"line":149,"column":34},"end":{"line":149,"column":39}},"loc":{"start":{"line":149,"column":87},"end":{"line":171,"column":1}}}},"branchMap":{"0":{"loc":{"start":{"line":18,"column":2},"end":{"line":21,"column":3}},"type":"if","locations":[{"start":{"line":18,"column":2},"end":{"line":21,"column":3}}]},"1":{"loc":{"start":{"line":23,"column":2},"end":{"line":26,"column":3}},"type":"if","locations":[{"start":{"line":23,"column":2},"end":{"line":26,"column":3}}]},"2":{"loc":{"start":{"line":29,"column":25},"end":{"line":29,"column":68}},"type":"cond-expr","locations":[{"start":{"line":29,"column":45},"end":{"line":29,"column":54}},{"start":{"line":29,"column":57},"end":{"line":29,"column":68}}]},"3":{"loc":{"start":{"line":37,"column":20},"end":{"line":37,"column":88}},"type":"cond-expr","locations":[{"start":{"line":37,"column":40},"end":{"line":37,"column":60}},{"start":{"line":37,"column":63},"end":{"line":37,"column":88}}]},"4":{"loc":{"start":{"line":82,"column":2},"end":{"line":85,"column":3}},"type":"if","locations":[{"start":{"line":82,"column":2},"end":{"line":85,"column":3}}]},"5":{"loc":{"start":{"line":121,"column":2},"end":{"line":124,"column":3}},"type":"if","locations":[{"start":{"line":121,"column":2},"end":{"line":124,"column":3}}]},"6":{"loc":{"start":{"line":162,"column":2},"end":{"line":165,"column":3}},"type":"if","locations":[{"start":{"line":162,"column":2},"end":{"line":165,"column":3}}]}},"s":{"0":1,"1":4,"2":1,"3":0,"4":1,"5":4,"6":4,"7":4,"8":0,"9":0,"10":4,"11":0,"12":0,"13":4,"14":4,"15":4,"16":4,"17":4,"18":4,"19":4,"20":0,"21":0,"22":4,"23":0,"24":1,"25":0,"26":1,"27":0,"28":1,"29":2,"30":2,"31":2,"32":0,"33":0,"34":2,"35":1,"36":2,"37":0,"38":1,"39":3,"40":3,"41":3,"42":3,"43":2,"44":2,"45":1,"46":2,"47":1,"48":0,"49":1,"50":3,"51":3,"52":3,"53":3,"54":2,"55":2,"56":1,"57":0},"f":{"0":4,"1":0,"2":4,"3":0,"4":0,"5":0,"6":0,"7":2,"8":1,"9":3,"10":2,"11":3},"b":{"0":[0],"1":[0],"2":[0,4],"3":[0,4],"4":[0],"5":[2],"6":[2]}}
,"/home/liamw/capstone-project-2024-t3-3900f13arat/backend/src/controllers/tutorController.ts": {"path":"/home/liamw/capstone-project-2024-t3-3900f13arat/backend/src/controllers/tutorController.ts","statementMap":{"0":{"start":{"line":4,"column":34},"end":{"line":38,"column":1}},"1":{"start":{"line":5,"column":1},"end":{"line":37,"column":2}},"2":{"start":{"line":6,"column":15},"end":{"line":18,"column":4}},"3":{"start":{"line":20,"column":2},"end":{"line":23,"column":3}},"4":{"start":{"line":21,"column":3},"end":{"line":21,"column":66}},"5":{"start":{"line":22,"column":3},"end":{"line":22,"column":10}},"6":{"start":{"line":25,"column":19},"end":{"line":32,"column":5}},"7":{"start":{"line":25,"column":57},"end":{"line":32,"column":4}},"8":{"start":{"line":34,"column":2},"end":{"line":34,"column":33}},"9":{"start":{"line":36,"column":2},"end":{"line":36,"column":61}},"10":{"start":{"line":40,"column":40},"end":{"line":92,"column":1}},"11":{"start":{"line":41,"column":1},"end":{"line":91,"column":2}},"12":{"start":{"line":42,"column":29},"end":{"line":42,"column":58}},"13":{"start":{"line":43,"column":15},"end":{"line":58,"column":4}},"14":{"start":{"line":60,"column":2},"end":{"line":63,"column":3}},"15":{"start":{"line":61,"column":3},"end":{"line":61,"column":96}},"16":{"start":{"line":62,"column":3},"end":{"line":62,"column":10}},"17":{"start":{"line":65,"column":19},"end":{"line":86,"column":4}},"18":{"start":{"line":72,"column":52},"end":{"line":79,"column":5}},"19":{"start":{"line":80,"column":59},"end":{"line":85,"column":5}},"20":{"start":{"line":88,"column":2},"end":{"line":88,"column":33}},"21":{"start":{"line":90,"column":2},"end":{"line":90,"column":68}}},"fnMap":{"0":{"name":"(anonymous_0)","decl":{"start":{"line":4,"column":34},"end":{"line":4,"column":39}},"loc":{"start":{"line":4,"column":87},"end":{"line":38,"column":1}}},"1":{"name":"(anonymous_1)","decl":{"start":{"line":25,"column":43},"end":{"line":25,"column":52}},"loc":{"start":{"line":25,"column":57},"end":{"line":32,"column":4}}},"2":{"name":"(anonymous_2)","decl":{"start":{"line":40,"column":40},"end":{"line":40,"column":45}},"loc":{"start":{"line":40,"column":93},"end":{"line":92,"column":1}}},"3":{"name":"(anonymous_3)","decl":{"start":{"line":72,"column":37},"end":{"line":72,"column":47}},"loc":{"start":{"line":72,"column":52},"end":{"line":79,"column":5}}},"4":{"name":"(anonymous_4)","decl":{"start":{"line":80,"column":47},"end":{"line":80,"column":54}},"loc":{"start":{"line":80,"column":59},"end":{"line":85,"column":5}}}},"branchMap":{"0":{"loc":{"start":{"line":20,"column":2},"end":{"line":23,"column":3}},"type":"if","locations":[{"start":{"line":20,"column":2},"end":{"line":23,"column":3}}]},"1":{"loc":{"start":{"line":60,"column":2},"end":{"line":63,"column":3}},"type":"if","locations":[{"start":{"line":60,"column":2},"end":{"line":63,"column":3}}]}},"s":{"0":1,"1":0,"2":0,"3":0,"4":0,"5":0,"6":0,"7":0,"8":0,"9":0,"10":1,"11":0,"12":0,"13":0,"14":0,"15":0,"16":0,"17":0,"18":0,"19":0,"20":0,"21":0},"f":{"0":0,"1":0,"2":0,"3":0,"4":0},"b":{"0":[0],"1":[0]}}
,"/home/liamw/capstone-project-2024-t3-3900f13arat/backend/src/middleware/assignment.ts": {"path":"/home/liamw/capstone-project-2024-t3-3900f13arat/backend/src/middleware/assignment.ts","statementMap":{"0":{"start":{"line":5,"column":38},"end":{"line":101,"column":1}},"1":{"start":{"line":10,"column":2},"end":{"line":100,"column":3}},"2":{"start":{"line":11,"column":22},"end":{"line":11,"column":35}},"3":{"start":{"line":12,"column":39},"end":{"line":12,"column":49}},"4":{"start":{"line":19,"column":8},"end":{"line":19,"column":16}},"5":{"start":{"line":22,"column":23},"end":{"line":22,"column":37}},"6":{"start":{"line":25,"column":4},"end":{"line":36,"column":5}},"7":{"start":{"line":34,"column":6},"end":{"line":34,"column":65}},"8":{"start":{"line":35,"column":6},"end":{"line":35,"column":13}},"9":{"start":{"line":39,"column":23},"end":{"line":39,"column":40}},"10":{"start":{"line":40,"column":4},"end":{"line":43,"column":5}},"11":{"start":{"line":41,"column":6},"end":{"line":41,"column":58}},"12":{"start":{"line":42,"column":6},"end":{"line":42,"column":13}},"13":{"start":{"line":46,"column":21},"end":{"line":50,"column":6}},"14":{"start":{"line":52,"column":4},"end":{"line":55,"column":5}},"15":{"start":{"line":53,"column":6},"end":{"line":53,"column":60}},"16":{"start":{"line":54,"column":6},"end":{"line":54,"column":13}},"17":{"start":{"line":58,"column":31},"end":{"line":63,"column":6}},"18":{"start":{"line":65,"column":4},"end":{"line":68,"column":5}},"19":{"start":{"line":66,"column":6},"end":{"line":66,"column":95}},"20":{"start":{"line":67,"column":6},"end":{"line":67,"column":13}},"21":{"start":{"line":71,"column":4},"end":{"line":83,"column":5}},"22":{"start":{"line":72,"column":25},"end":{"line":77,"column":8}},"23":{"start":{"line":79,"column":6},"end":{"line":82,"column":7}},"24":{"start":{"line":80,"column":8},"end":{"line":80,"column":98}},"25":{"start":{"line":81,"column":8},"end":{"line":81,"column":15}},"26":{"start":{"line":86,"column":4},"end":{"line":94,"column":6}},"27":{"start":{"line":96,"column":4},"end":{"line":96,"column":11}},"28":{"start":{"line":98,"column":4},"end":{"line":98,"column":46}},"29":{"start":{"line":99,"column":4},"end":{"line":99,"column":61}}},"fnMap":{"0":{"name":"(anonymous_0)","decl":{"start":{"line":5,"column":38},"end":{"line":5,"column":43}},"loc":{"start":{"line":9,"column":19},"end":{"line":101,"column":1}}}},"branchMap":{"0":{"loc":{"start":{"line":25,"column":4},"end":{"line":36,"column":5}},"type":"if","locations":[{"start":{"line":25,"column":4},"end":{"line":36,"column":5}}]},"1":{"loc":{"start":{"line":26,"column":6},"end":{"line":32,"column":35}},"type":"binary-expr","locations":[{"start":{"line":26,"column":6},"end":{"line":26,"column":16}},{"start":{"line":27,"column":6},"end":{"line":27,"column":21}},{"start":{"line":28,"column":6},"end":{"line":28,"column":18}},{"start":{"line":29,"column":6},"end":{"line":29,"column":14}},{"start":{"line":30,"column":6},"end":{"line":30,"column":15}},{"start":{"line":31,"column":6},"end":{"line":31,"column":19}},{"start":{"line":32,"column":7},"end":{"line":32,"column":17}},{"start":{"line":32,"column":21},"end":{"line":32,"column":34}}]},"2":{"loc":{"start":{"line":40,"column":4},"end":{"line":43,"column":5}},"type":"if","locations":[{"start":{"line":40,"column":4},"end":{"line":43,"column":5}}]},"3":{"loc":{"start":{"line":52,"column":4},"end":{"line":55,"column":5}},"type":"if","locations":[{"start":{"line":52,"column":4},"end":{"line":55,"column":5}}]},"4":{"loc":{"start":{"line":65,"column":4},"end":{"line":68,"column":5}},"type":"if","locations":[{"start":{"line":65,"column":4},"end":{"line":68,"column":5}}]},"5":{"loc":{"start":{"line":71,"column":4},"end":{"line":83,"column":5}},"type":"if","locations":[{"start":{"line":71,"column":4},"end":{"line":83,"column":5}}]},"6":{"loc":{"start":{"line":79,"column":6},"end":{"line":82,"column":7}},"type":"if","locations":[{"start":{"line":79,"column":6},"end":{"line":82,"column":7}}]},"7":{"loc":{"start":{"line":93,"column":20},"end":{"line":93,"column":67}},"type":"cond-expr","locations":[{"start":{"line":93,"column":33},"end":{"line":93,"column":55}},{"start":{"line":93,"column":58},"end":{"line":93,"column":67}}]}},"s":{"0":1,"1":20,"2":20,"3":20,"4":20,"5":20,"6":20,"7":0,"8":0,"9":20,"10":20,"11":0,"12":0,"13":20,"14":20,"15":0,"16":0,"17":20,"18":20,"19":0,"20":0,"21":20,"22":0,"23":0,"24":0,"25":0,"26":20,"27":20,"28":0,"29":0},"f":{"0":20},"b":{"0":[0],"1":[20,20,20,20,20,20,20,0],"2":[0],"3":[0],"4":[0],"5":[0],"6":[0],"7":[0,20]}}
,"/home/liamw/capstone-project-2024-t3-3900f13arat/backend/src/middleware/jwt.ts": {"path":"/home/liamw/capstone-project-2024-t3-3900f13arat/backend/src/middleware/jwt.ts","statementMap":{"0":{"start":{"line":6,"column":18},"end":{"line":6,"column":67}},"1":{"start":{"line":8,"column":29},"end":{"line":10,"column":1}},"2":{"start":{"line":9,"column":1},"end":{"line":9,"column":73}},"3":{"start":{"line":12,"column":27},"end":{"line":26,"column":1}},"4":{"start":{"line":13,"column":15},"end":{"line":13,"column":58}},"5":{"start":{"line":14,"column":1},"end":{"line":17,"column":2}},"6":{"start":{"line":15,"column":2},"end":{"line":15,"column":57}},"7":{"start":{"line":16,"column":2},"end":{"line":16,"column":9}},"8":{"start":{"line":18,"column":1},"end":{"line":25,"column":4}},"9":{"start":{"line":19,"column":2},"end":{"line":22,"column":3}},"10":{"start":{"line":20,"column":3},"end":{"line":20,"column":69}},"11":{"start":{"line":21,"column":3},"end":{"line":21,"column":10}},"12":{"start":{"line":23,"column":2},"end":{"line":23,"column":48}},"13":{"start":{"line":24,"column":2},"end":{"line":24,"column":9}},"14":{"start":{"line":28,"column":31},"end":{"line":55,"column":1}},"15":{"start":{"line":29,"column":15},"end":{"line":29,"column":58}},"16":{"start":{"line":30,"column":1},"end":{"line":33,"column":2}},"17":{"start":{"line":31,"column":3},"end":{"line":31,"column":58}},"18":{"start":{"line":32,"column":3},"end":{"line":32,"column":10}},"19":{"start":{"line":35,"column":1},"end":{"line":54,"column":2}},"20":{"start":{"line":36,"column":19},"end":{"line":36,"column":68}},"21":{"start":{"line":37,"column":16},"end":{"line":39,"column":5}},"22":{"start":{"line":41,"column":3},"end":{"line":44,"column":4}},"23":{"start":{"line":42,"column":2},"end":{"line":42,"column":70}},"24":{"start":{"line":43,"column":2},"end":{"line":43,"column":9}},"25":{"start":{"line":46,"column":3},"end":{"line":49,"column":4}},"26":{"start":{"line":47,"column":2},"end":{"line":47,"column":67}},"27":{"start":{"line":48,"column":2},"end":{"line":48,"column":9}},"28":{"start":{"line":51,"column":3},"end":{"line":51,"column":10}},"29":{"start":{"line":53,"column":3},"end":{"line":53,"column":76}},"30":{"start":{"line":58,"column":32},"end":{"line":72,"column":1}},"31":{"start":{"line":59,"column":16},"end":{"line":59,"column":59}},"32":{"start":{"line":60,"column":2},"end":{"line":62,"column":3}},"33":{"start":{"line":61,"column":4},"end":{"line":61,"column":41}},"34":{"start":{"line":64,"column":18},"end":{"line":64,"column":67}},"35":{"start":{"line":65,"column":16},"end":{"line":65,"column":29}},"36":{"start":{"line":67,"column":15},"end":{"line":69,"column":4}},"37":{"start":{"line":71,"column":2},"end":{"line":71,"column":15}}},"fnMap":{"0":{"name":"(anonymous_0)","decl":{"start":{"line":8,"column":29},"end":{"line":8,"column":30}},"loc":{"start":{"line":8,"column":73},"end":{"line":10,"column":1}}},"1":{"name":"(anonymous_1)","decl":{"start":{"line":12,"column":27},"end":{"line":12,"column":28}},"loc":{"start":{"line":12,"column":85},"end":{"line":26,"column":1}}},"2":{"name":"(anonymous_2)","decl":{"start":{"line":18,"column":30},"end":{"line":18,"column":31}},"loc":{"start":{"line":18,"column":47},"end":{"line":25,"column":2}}},"3":{"name":"(anonymous_3)","decl":{"start":{"line":28,"column":31},"end":{"line":28,"column":36}},"loc":{"start":{"line":28,"column":104},"end":{"line":55,"column":1}}},"4":{"name":"(anonymous_4)","decl":{"start":{"line":58,"column":32},"end":{"line":58,"column":37}},"loc":{"start":{"line":58,"column":70},"end":{"line":72,"column":1}}}},"branchMap":{"0":{"loc":{"start":{"line":6,"column":18},"end":{"line":6,"column":67}},"type":"binary-expr","locations":[{"start":{"line":6,"column":18},"end":{"line":6,"column":40}},{"start":{"line":6,"column":44},"end":{"line":6,"column":67}}]},"1":{"loc":{"start":{"line":14,"column":1},"end":{"line":17,"column":2}},"type":"if","locations":[{"start":{"line":14,"column":1},"end":{"line":17,"column":2}}]},"2":{"loc":{"start":{"line":19,"column":2},"end":{"line":22,"column":3}},"type":"if","locations":[{"start":{"line":19,"column":2},"end":{"line":22,"column":3}}]},"3":{"loc":{"start":{"line":30,"column":1},"end":{"line":33,"column":2}},"type":"if","locations":[{"start":{"line":30,"column":1},"end":{"line":33,"column":2}}]},"4":{"loc":{"start":{"line":41,"column":3},"end":{"line":44,"column":4}},"type":"if","locations":[{"start":{"line":41,"column":3},"end":{"line":44,"column":4}}]},"5":{"loc":{"start":{"line":46,"column":3},"end":{"line":49,"column":4}},"type":"if","locations":[{"start":{"line":46,"column":3},"end":{"line":49,"column":4}}]},"6":{"loc":{"start":{"line":60,"column":2},"end":{"line":62,"column":3}},"type":"if","locations":[{"start":{"line":60,"column":2},"end":{"line":62,"column":3}}]}},"s":{"0":1,"1":1,"2":20,"3":1,"4":73,"5":73,"6":0,"7":0,"8":73,"9":73,"10":1,"11":1,"12":72,"13":72,"14":1,"15":40,"16":40,"17":0,"18":0,"19":40,"20":40,"21":40,"22":40,"23":0,"24":0,"25":40,"26":0,"27":0,"28":40,"29":0,"30":1,"31":0,"32":0,"33":0,"34":0,"35":0,"36":0,"37":0},"f":{"0":20,"1":73,"2":73,"3":40,"4":0},"b":{"0":[1,1],"1":[0],"2":[1],"3":[0],"4":[0],"5":[0],"6":[0]}}
,"/home/liamw/capstone-project-2024-t3-3900f13arat/backend/src/middleware/multer.ts": {"path":"/home/liamw/capstone-project-2024-t3-3900f13arat/backend/src/middleware/multer.ts","statementMap":{"0":{"start":{"line":7,"column":19},"end":{"line":7,"column":49}},"1":{"start":{"line":8,"column":18},"end":{"line":8,"column":42}},"2":{"start":{"line":10,"column":26},"end":{"line":28,"column":2}},"3":{"start":{"line":12,"column":29},"end":{"line":12,"column":39}},"4":{"start":{"line":13,"column":23},"end":{"line":13,"column":87}},"5":{"start":{"line":15,"column":4},"end":{"line":15,"column":61}},"6":{"start":{"line":16,"column":4},"end":{"line":16,"column":25}},"7":{"start":{"line":19,"column":4},"end":{"line":22,"column":5}},"8":{"start":{"line":20,"column":6},"end":{"line":20,"column":58}},"9":{"start":{"line":21,"column":6},"end":{"line":21,"column":13}},"10":{"start":{"line":23,"column":24},"end":{"line":23,"column":54}},"11":{"start":{"line":25,"column":21},"end":{"line":25,"column":85}},"12":{"start":{"line":26,"column":4},"end":{"line":26,"column":23}},"13":{"start":{"line":30,"column":19},"end":{"line":41,"column":2}},"14":{"start":{"line":32,"column":23},"end":{"line":32,"column":80}},"15":{"start":{"line":34,"column":4},"end":{"line":34,"column":61}},"16":{"start":{"line":35,"column":4},"end":{"line":35,"column":25}},"17":{"start":{"line":38,"column":21},"end":{"line":38,"column":57}},"18":{"start":{"line":39,"column":4},"end":{"line":39,"column":23}},"19":{"start":{"line":43,"column":25},"end":{"line":53,"column":1}},"20":{"start":{"line":48,"column":2},"end":{"line":52,"column":3}},"21":{"start":{"line":49,"column":4},"end":{"line":49,"column":19}},"22":{"start":{"line":51,"column":4},"end":{"line":51,"column":74}},"23":{"start":{"line":55,"column":18},"end":{"line":65,"column":1}},"24":{"start":{"line":60,"column":2},"end":{"line":64,"column":3}},"25":{"start":{"line":61,"column":4},"end":{"line":61,"column":19}},"26":{"start":{"line":63,"column":4},"end":{"line":63,"column":71}},"27":{"start":{"line":67,"column":32},"end":{"line":70,"column":23}},"28":{"start":{"line":72,"column":25},"end":{"line":75,"column":16}}},"fnMap":{"0":{"name":"(anonymous_0)","decl":{"start":{"line":11,"column":15},"end":{"line":11,"column":20}},"loc":{"start":{"line":11,"column":40},"end":{"line":17,"column":3}}},"1":{"name":"(anonymous_1)","decl":{"start":{"line":18,"column":12},"end":{"line":18,"column":17}},"loc":{"start":{"line":18,"column":36},"end":{"line":27,"column":3}}},"2":{"name":"(anonymous_2)","decl":{"start":{"line":31,"column":15},"end":{"line":31,"column":20}},"loc":{"start":{"line":31,"column":41},"end":{"line":36,"column":3}}},"3":{"name":"(anonymous_3)","decl":{"start":{"line":37,"column":12},"end":{"line":37,"column":17}},"loc":{"start":{"line":37,"column":37},"end":{"line":40,"column":3}}},"4":{"name":"(anonymous_4)","decl":{"start":{"line":43,"column":25},"end":{"line":43,"column":30}},"loc":{"start":{"line":47,"column":19},"end":{"line":53,"column":1}}},"5":{"name":"(anonymous_5)","decl":{"start":{"line":55,"column":18},"end":{"line":55,"column":23}},"loc":{"start":{"line":59,"column":19},"end":{"line":65,"column":1}}}},"branchMap":{"0":{"loc":{"start":{"line":19,"column":4},"end":{"line":22,"column":5}},"type":"if","locations":[{"start":{"line":19,"column":4},"end":{"line":22,"column":5}}]},"1":{"loc":{"start":{"line":48,"column":2},"end":{"line":52,"column":3}},"type":"if","locations":[{"start":{"line":48,"column":2},"end":{"line":52,"column":3}},{"start":{"line":50,"column":9},"end":{"line":52,"column":3}}]},"2":{"loc":{"start":{"line":48,"column":6},"end":{"line":48,"column":83}},"type":"binary-expr","locations":[{"start":{"line":48,"column":6},"end":{"line":48,"column":42}},{"start":{"line":48,"column":46},"end":{"line":48,"column":83}}]},"3":{"loc":{"start":{"line":60,"column":2},"end":{"line":64,"column":3}},"type":"if","locations":[{"start":{"line":60,"column":2},"end":{"line":64,"column":3}},{"start":{"line":62,"column":9},"end":{"line":64,"column":3}}]},"4":{"loc":{"start":{"line":60,"column":6},"end":{"line":60,"column":71}},"type":"binary-expr","locations":[{"start":{"line":60,"column":6},"end":{"line":60,"column":34}},{"start":{"line":60,"column":37},"end":{"line":60,"column":71}}]}},"s":{"0":1,"1":1,"2":1,"3":4,"4":4,"5":4,"6":4,"7":4,"8":0,"9":0,"10":4,"11":4,"12":4,"13":1,"14":0,"15":0,"16":0,"17":0,"18":0,"19":1,"20":4,"21":4,"22":0,"23":1,"24":0,"25":0,"26":0,"27":1,"28":1},"f":{"0":4,"1":4,"2":0,"3":0,"4":4,"5":0},"b":{"0":[0],"1":[4,0],"2":[4,0],"3":[0,0],"4":[0,0]}}
,"/home/liamw/capstone-project-2024-t3-3900f13arat/backend/src/middleware/submission.ts": {"path":"/home/liamw/capstone-project-2024-t3-3900f13arat/backend/src/middleware/submission.ts","statementMap":{"0":{"start":{"line":4,"column":40},"end":{"line":61,"column":1}},"1":{"start":{"line":9,"column":26},"end":{"line":9,"column":36}},"2":{"start":{"line":10,"column":19},"end":{"line":10,"column":32}},"3":{"start":{"line":12,"column":1},"end":{"line":60,"column":2}},"4":{"start":{"line":13,"column":15},"end":{"line":36,"column":4}},"5":{"start":{"line":38,"column":2},"end":{"line":41,"column":3}},"6":{"start":{"line":39,"column":3},"end":{"line":39,"column":59}},"7":{"start":{"line":40,"column":3},"end":{"line":40,"column":10}},"8":{"start":{"line":43,"column":2},"end":{"line":46,"column":3}},"9":{"start":{"line":44,"column":3},"end":{"line":44,"column":80}},"10":{"start":{"line":45,"column":3},"end":{"line":45,"column":10}},"11":{"start":{"line":48,"column":2},"end":{"line":51,"column":3}},"12":{"start":{"line":49,"column":3},"end":{"line":49,"column":74}},"13":{"start":{"line":50,"column":3},"end":{"line":50,"column":10}},"14":{"start":{"line":52,"column":2},"end":{"line":56,"column":4}},"15":{"start":{"line":55,"column":41},"end":{"line":55,"column":61}},"16":{"start":{"line":57,"column":2},"end":{"line":57,"column":9}},"17":{"start":{"line":59,"column":2},"end":{"line":59,"column":59}},"18":{"start":{"line":63,"column":39},"end":{"line":130,"column":1}},"19":{"start":{"line":68,"column":26},"end":{"line":68,"column":36}},"20":{"start":{"line":69,"column":19},"end":{"line":69,"column":32}},"21":{"start":{"line":70,"column":21},"end":{"line":70,"column":29}},"22":{"start":{"line":71,"column":1},"end":{"line":129,"column":2}},"23":{"start":{"line":72,"column":21},"end":{"line":91,"column":4}},"24":{"start":{"line":92,"column":2},"end":{"line":95,"column":3}},"25":{"start":{"line":93,"column":3},"end":{"line":93,"column":64}},"26":{"start":{"line":94,"column":3},"end":{"line":94,"column":10}},"27":{"start":{"line":97,"column":16},"end":{"line":102,"column":4}},"28":{"start":{"line":103,"column":2},"end":{"line":106,"column":3}},"29":{"start":{"line":104,"column":3},"end":{"line":104,"column":59}},"30":{"start":{"line":105,"column":3},"end":{"line":105,"column":10}},"31":{"start":{"line":108,"column":2},"end":{"line":111,"column":3}},"32":{"start":{"line":108,"column":36},"end":{"line":108,"column":62}},"33":{"start":{"line":109,"column":3},"end":{"line":109,"column":73}},"34":{"start":{"line":110,"column":3},"end":{"line":110,"column":10}},"35":{"start":{"line":113,"column":27},"end":{"line":113,"column":97}},"36":{"start":{"line":113,"column":85},"end":{"line":113,"column":96}},"37":{"start":{"line":114,"column":23},"end":{"line":114,"column":62}},"38":{"start":{"line":114,"column":51},"end":{"line":114,"column":61}},"39":{"start":{"line":116,"column":2},"end":{"line":119,"column":3}},"40":{"start":{"line":116,"column":36},"end":{"line":116,"column":69}},"41":{"start":{"line":117,"column":3},"end":{"line":117,"column":88}},"42":{"start":{"line":118,"column":3},"end":{"line":118,"column":10}},"43":{"start":{"line":121,"column":2},"end":{"line":125,"column":4}},"44":{"start":{"line":126,"column":2},"end":{"line":126,"column":9}},"45":{"start":{"line":128,"column":2},"end":{"line":128,"column":59}}},"fnMap":{"0":{"name":"(anonymous_0)","decl":{"start":{"line":4,"column":40},"end":{"line":4,"column":45}},"loc":{"start":{"line":8,"column":19},"end":{"line":61,"column":1}}},"1":{"name":"(anonymous_1)","decl":{"start":{"line":55,"column":36},"end":{"line":55,"column":37}},"loc":{"start":{"line":55,"column":41},"end":{"line":55,"column":61}}},"2":{"name":"(anonymous_2)","decl":{"start":{"line":63,"column":39},"end":{"line":63,"column":44}},"loc":{"start":{"line":67,"column":19},"end":{"line":130,"column":1}}},"3":{"name":"(anonymous_3)","decl":{"start":{"line":108,"column":26},"end":{"line":108,"column":32}},"loc":{"start":{"line":108,"column":36},"end":{"line":108,"column":62}}},"4":{"name":"(anonymous_4)","decl":{"start":{"line":113,"column":74},"end":{"line":113,"column":81}},"loc":{"start":{"line":113,"column":85},"end":{"line":113,"column":96}}},"5":{"name":"(anonymous_5)","decl":{"start":{"line":114,"column":41},"end":{"line":114,"column":47}},"loc":{"start":{"line":114,"column":51},"end":{"line":114,"column":61}}},"6":{"name":"(anonymous_6)","decl":{"start":{"line":116,"column":26},"end":{"line":116,"column":32}},"loc":{"start":{"line":116,"column":36},"end":{"line":116,"column":69}}}},"branchMap":{"0":{"loc":{"start":{"line":38,"column":2},"end":{"line":41,"column":3}},"type":"if","locations":[{"start":{"line":38,"column":2},"end":{"line":41,"column":3}}]},"1":{"loc":{"start":{"line":43,"column":2},"end":{"line":46,"column":3}},"type":"if","locations":[{"start":{"line":43,"column":2},"end":{"line":46,"column":3}}]},"2":{"loc":{"start":{"line":48,"column":2},"end":{"line":51,"column":3}},"type":"if","locations":[{"start":{"line":48,"column":2},"end":{"line":51,"column":3}}]},"3":{"loc":{"start":{"line":92,"column":2},"end":{"line":95,"column":3}},"type":"if","locations":[{"start":{"line":92,"column":2},"end":{"line":95,"column":3}}]},"4":{"loc":{"start":{"line":103,"column":2},"end":{"line":106,"column":3}},"type":"if","locations":[{"start":{"line":103,"column":2},"end":{"line":106,"column":3}}]},"5":{"loc":{"start":{"line":108,"column":2},"end":{"line":111,"column":3}},"type":"if","locations":[{"start":{"line":108,"column":2},"end":{"line":111,"column":3}}]},"6":{"loc":{"start":{"line":116,"column":2},"end":{"line":119,"column":3}},"type":"if","locations":[{"start":{"line":116,"column":2},"end":{"line":119,"column":3}}]}},"s":{"0":1,"1":4,"2":4,"3":4,"4":4,"5":4,"6":0,"7":0,"8":4,"9":0,"10":0,"11":4,"12":0,"13":0,"14":4,"15":0,"16":4,"17":0,"18":1,"19":0,"20":0,"21":0,"22":0,"23":0,"24":0,"25":0,"26":0,"27":0,"28":0,"29":0,"30":0,"31":0,"32":0,"33":0,"34":0,"35":0,"36":0,"37":0,"38":0,"39":0,"40":0,"41":0,"42":0,"43":0,"44":0,"45":0},"f":{"0":4,"1":0,"2":0,"3":0,"4":0,"5":0,"6":0},"b":{"0":[0],"1":[0],"2":[0],"3":[0],"4":[0],"5":[0],"6":[0]}}
,"/home/liamw/capstone-project-2024-t3-3900f13arat/backend/src/routes/adminRouter.ts": {"path":"/home/liamw/capstone-project-2024-t3-3900f13arat/backend/src/routes/adminRouter.ts","statementMap":{"0":{"start":{"line":16,"column":15},"end":{"line":16,"column":31}},"1":{"start":{"line":18,"column":0},"end":{"line":18,"column":41}},"2":{"start":{"line":20,"column":0},"end":{"line":20,"column":52}},"3":{"start":{"line":44,"column":0},"end":{"line":44,"column":51}},"4":{"start":{"line":45,"column":0},"end":{"line":45,"column":35}},"5":{"start":{"line":61,"column":0},"end":{"line":61,"column":38}},"6":{"start":{"line":76,"column":0},"end":{"line":76,"column":31}},"7":{"start":{"line":90,"column":0},"end":{"line":90,"column":52}},"8":{"start":{"line":108,"column":0},"end":{"line":108,"column":69}},"9":{"start":{"line":124,"column":0},"end":{"line":124,"column":72}},"10":{"start":{"line":135,"column":0},"end":{"line":135,"column":84}}},"fnMap":{},"branchMap":{},"s":{"0":1,"1":1,"2":1,"3":1,"4":1,"5":1,"6":1,"7":1,"8":1,"9":1,"10":1},"f":{},"b":{}}
,"/home/liamw/capstone-project-2024-t3-3900f13arat/backend/src/routes/authRouter.ts": {"path":"/home/liamw/capstone-project-2024-t3-3900f13arat/backend/src/routes/authRouter.ts","statementMap":{"0":{"start":{"line":4,"column":15},"end":{"line":4,"column":31}},"1":{"start":{"line":14,"column":0},"end":{"line":14,"column":29}},"2":{"start":{"line":27,"column":0},"end":{"line":27,"column":35}}},"fnMap":{},"branchMap":{},"s":{"0":1,"1":1,"2":1},"f":{},"b":{}}
,"/home/liamw/capstone-project-2024-t3-3900f13arat/backend/src/routes/lecturerRouter.ts": {"path":"/home/liamw/capstone-project-2024-t3-3900f13arat/backend/src/routes/lecturerRouter.ts","statementMap":{"0":{"start":{"line":18,"column":15},"end":{"line":18,"column":31}},"1":{"start":{"line":19,"column":0},"end":{"line":19,"column":24}},"2":{"start":{"line":33,"column":0},"end":{"line":33,"column":43}},"3":{"start":{"line":60,"column":0},"end":{"line":60,"column":59}},"4":{"start":{"line":79,"column":0},"end":{"line":79,"column":88}},"5":{"start":{"line":99,"column":0},"end":{"line":99,"column":102}},"6":{"start":{"line":110,"column":0},"end":{"line":110,"column":80}},"7":{"start":{"line":125,"column":0},"end":{"line":125,"column":80}},"8":{"start":{"line":128,"column":0},"end":{"line":128,"column":82}},"9":{"start":{"line":131,"column":0},"end":{"line":131,"column":73}},"10":{"start":{"line":134,"column":0},"end":{"line":134,"column":106}},"11":{"start":{"line":137,"column":0},"end":{"line":137,"column":45}},"12":{"start":{"line":140,"column":0},"end":{"line":140,"column":54}},"13":{"start":{"line":149,"column":0},"end":{"line":149,"column":67}},"14":{"start":{"line":152,"column":0},"end":{"line":152,"column":96}},"15":{"start":{"line":155,"column":0},"end":{"line":155,"column":37}}},"fnMap":{},"branchMap":{},"s":{"0":1,"1":1,"2":1,"3":1,"4":1,"5":1,"6":1,"7":1,"8":1,"9":1,"10":1,"11":1,"12":1,"13":1,"14":1,"15":1},"f":{},"b":{}}
,"/home/liamw/capstone-project-2024-t3-3900f13arat/backend/src/routes/studentRouter.ts": {"path":"/home/liamw/capstone-project-2024-t3-3900f13arat/backend/src/routes/studentRouter.ts","statementMap":{"0":{"start":{"line":12,"column":15},"end":{"line":12,"column":31}},"1":{"start":{"line":13,"column":0},"end":{"line":13,"column":24}},"2":{"start":{"line":31,"column":0},"end":{"line":31,"column":111}},"3":{"start":{"line":51,"column":0},"end":{"line":51,"column":120}},"4":{"start":{"line":54,"column":0},"end":{"line":54,"column":32}},"5":{"start":{"line":57,"column":0},"end":{"line":57,"column":62}},"6":{"start":{"line":60,"column":0},"end":{"line":60,"column":33}},"7":{"start":{"line":63,"column":0},"end":{"line":63,"column":39}},"8":{"start":{"line":77,"column":0},"end":{"line":77,"column":46}},"9":{"start":{"line":99,"column":0},"end":{"line":99,"column":62}},"10":{"start":{"line":109,"column":0},"end":{"line":109,"column":70}}},"fnMap":{},"branchMap":{},"s":{"0":1,"1":1,"2":1,"3":1,"4":1,"5":1,"6":1,"7":1,"8":1,"9":1,"10":1},"f":{},"b":{}}
,"/home/liamw/capstone-project-2024-t3-3900f13arat/backend/src/routes/tutorRouter.ts": {"path":"/home/liamw/capstone-project-2024-t3-3900f13arat/backend/src/routes/tutorRouter.ts","statementMap":{"0":{"start":{"line":5,"column":15},"end":{"line":5,"column":31}},"1":{"start":{"line":6,"column":0},"end":{"line":6,"column":24}},"2":{"start":{"line":20,"column":0},"end":{"line":20,"column":43}},"3":{"start":{"line":42,"column":0},"end":{"line":42,"column":59}},"4":{"start":{"line":45,"column":0},"end":{"line":45,"column":66}},"5":{"start":{"line":48,"column":0},"end":{"line":48,"column":92}},"6":{"start":{"line":51,"column":0},"end":{"line":51,"column":92}},"7":{"start":{"line":54,"column":0},"end":{"line":54,"column":92}},"8":{"start":{"line":57,"column":0},"end":{"line":57,"column":96}},"9":{"start":{"line":60,"column":0},"end":{"line":60,"column":26}}},"fnMap":{},"branchMap":{},"s":{"0":1,"1":1,"2":1,"3":1,"4":1,"5":1,"6":1,"7":1,"8":1,"9":1},"f":{},"b":{}}
,"/home/liamw/capstone-project-2024-t3-3900f13arat/backend/src/services/autotestService.ts": {"path":"/home/liamw/capstone-project-2024-t3-3900f13arat/backend/src/services/autotestService.ts","statementMap":{"0":{"start":{"line":7,"column":19},"end":{"line":7,"column":49}},"1":{"start":{"line":8,"column":18},"end":{"line":8,"column":42}},"2":{"start":{"line":47,"column":12},"end":{"line":49,"column":null}},"3":{"start":{"line":48,"column":8},"end":{"line":48,"column":61}},"4":{"start":{"line":20,"column":8},"end":{"line":20,"column":35}},"5":{"start":{"line":21,"column":8},"end":{"line":21,"column":43}},"6":{"start":{"line":22,"column":8},"end":{"line":22,"column":45}},"7":{"start":{"line":24,"column":25},"end":{"line":24,"column":49}},"8":{"start":{"line":25,"column":8},"end":{"line":25,"column":87}},"9":{"start":{"line":29,"column":8},"end":{"line":44,"column":9}},"10":{"start":{"line":30,"column":12},"end":{"line":30,"column":38}},"11":{"start":{"line":31,"column":28},"end":{"line":31,"column":112}},"12":{"start":{"line":31,"column":84},"end":{"line":31,"column":110}},"13":{"start":{"line":32,"column":12},"end":{"line":32,"column":33}},"14":{"start":{"line":34,"column":12},"end":{"line":39,"column":16}},"15":{"start":{"line":34,"column":42},"end":{"line":39,"column":14}},"16":{"start":{"line":42,"column":12},"end":{"line":42,"column":33}},"17":{"start":{"line":43,"column":12},"end":{"line":43,"column":24}},"18":{"start":{"line":53,"column":8},"end":{"line":53,"column":73}},"19":{"start":{"line":54,"column":8},"end":{"line":58,"column":11}},"20":{"start":{"line":62,"column":42},"end":{"line":62,"column":50}},"21":{"start":{"line":63,"column":27},"end":{"line":63,"column":44}},"22":{"start":{"line":64,"column":30},"end":{"line":64,"column":56}},"23":{"start":{"line":66,"column":34},"end":{"line":73,"column":9}},"24":{"start":{"line":67,"column":12},"end":{"line":72,"column":19}},"25":{"start":{"line":68,"column":16},"end":{"line":70,"column":17}},"26":{"start":{"line":69,"column":20},"end":{"line":69,"column":120}},"27":{"start":{"line":71,"column":16},"end":{"line":71,"column":27}},"28":{"start":{"line":77,"column":8},"end":{"line":106,"column":11}},"29":{"start":{"line":78,"column":12},"end":{"line":105,"column":13}},"30":{"start":{"line":79,"column":32},"end":{"line":79,"column":102}},"31":{"start":{"line":82,"column":16},"end":{"line":82,"column":72}},"32":{"start":{"line":82,"column":45},"end":{"line":82,"column":70}},"33":{"start":{"line":83,"column":16},"end":{"line":83,"column":36}},"34":{"start":{"line":85,"column":29},"end":{"line":85,"column":31}},"35":{"start":{"line":86,"column":29},"end":{"line":86,"column":31}},"36":{"start":{"line":89,"column":16},"end":{"line":89,"column":79}},"37":{"start":{"line":89,"column":51},"end":{"line":89,"column":76}},"38":{"start":{"line":90,"column":16},"end":{"line":90,"column":79}},"39":{"start":{"line":90,"column":51},"end":{"line":90,"column":76}},"40":{"start":{"line":93,"column":16},"end":{"line":101,"column":19}},"41":{"start":{"line":94,"column":20},"end":{"line":97,"column":21}},"42":{"start":{"line":96,"column":24},"end":{"line":96,"column":124}},"43":{"start":{"line":98,"column":40},"end":{"line":98,"column":58}},"44":{"start":{"line":99,"column":42},"end":{"line":99,"column":87}},"45":{"start":{"line":100,"column":20},"end":{"line":100,"column":102}},"46":{"start":{"line":104,"column":16},"end":{"line":104,"column":60}},"47":{"start":{"line":110,"column":8},"end":{"line":110,"column":83}},"48":{"start":{"line":11,"column":18},"end":{"line":11,"column":31}}},"fnMap":{"0":{"name":"(anonymous_0)","decl":{"start":{"line":18,"column":4},"end":{"line":18,"column":16}},"loc":{"start":{"line":18,"column":84},"end":{"line":26,"column":5}}},"1":{"name":"(anonymous_1)","decl":{"start":{"line":47,"column":32},"end":{"line":47,"column":43}},"loc":{"start":{"line":47,"column":45},"end":{"line":49,"column":5}}},"2":{"name":"(anonymous_2)","decl":{"start":{"line":28,"column":11},"end":{"line":28,"column":16}},"loc":{"start":{"line":28,"column":25},"end":{"line":45,"column":5}}},"3":{"name":"(anonymous_3)","decl":{"start":{"line":31,"column":72},"end":{"line":31,"column":80}},"loc":{"start":{"line":31,"column":84},"end":{"line":31,"column":110}}},"4":{"name":"(anonymous_4)","decl":{"start":{"line":34,"column":31},"end":{"line":34,"column":37}},"loc":{"start":{"line":34,"column":42},"end":{"line":39,"column":14}}},"5":{"name":"(anonymous_5)","decl":{"start":{"line":52,"column":12},"end":{"line":52,"column":17}},"loc":{"start":{"line":52,"column":30},"end":{"line":59,"column":5}}},"6":{"name":"(anonymous_6)","decl":{"start":{"line":61,"column":12},"end":{"line":61,"column":17}},"loc":{"start":{"line":61,"column":48},"end":{"line":107,"column":5}}},"7":{"name":"(anonymous_7)","decl":{"start":{"line":66,"column":34},"end":{"line":66,"column":35}},"loc":{"start":{"line":66,"column":83},"end":{"line":73,"column":9}}},"8":{"name":"(anonymous_8)","decl":{"start":{"line":67,"column":33},"end":{"line":67,"column":34}},"loc":{"start":{"line":67,"column":54},"end":{"line":72,"column":13}}},"9":{"name":"(anonymous_9)","decl":{"start":{"line":77,"column":27},"end":{"line":77,"column":28}},"loc":{"start":{"line":77,"column":47},"end":{"line":106,"column":9}}},"10":{"name":"(anonymous_10)","decl":{"start":{"line":82,"column":35},"end":{"line":82,"column":36}},"loc":{"start":{"line":82,"column":45},"end":{"line":82,"column":70}}},"11":{"name":"(anonymous_11)","decl":{"start":{"line":89,"column":42},"end":{"line":89,"column":46}},"loc":{"start":{"line":89,"column":51},"end":{"line":89,"column":76}}},"12":{"name":"(anonymous_12)","decl":{"start":{"line":90,"column":42},"end":{"line":90,"column":46}},"loc":{"start":{"line":90,"column":51},"end":{"line":90,"column":76}}},"13":{"name":"(anonymous_13)","decl":{"start":{"line":93,"column":36},"end":{"line":93,"column":37}},"loc":{"start":{"line":93,"column":45},"end":{"line":101,"column":17}}},"14":{"name":"(anonymous_14)","decl":{"start":{"line":109,"column":12},"end":{"line":109,"column":17}},"loc":{"start":{"line":109,"column":25},"end":{"line":111,"column":5}}}},"branchMap":{"0":{"loc":{"start":{"line":35,"column":24},"end":{"line":35,"column":82}},"type":"binary-expr","locations":[{"start":{"line":35,"column":24},"end":{"line":35,"column":53}},{"start":{"line":35,"column":57},"end":{"line":35,"column":82}}]},"1":{"loc":{"start":{"line":36,"column":25},"end":{"line":38,"column":54}},"type":"cond-expr","locations":[{"start":{"line":37,"column":23},"end":{"line":37,"column":74}},{"start":{"line":38,"column":23},"end":{"line":38,"column":54}}]},"2":{"loc":{"start":{"line":37,"column":23},"end":{"line":37,"column":74}},"type":"cond-expr","locations":[{"start":{"line":37,"column":51},"end":{"line":37,"column":59}},{"start":{"line":37,"column":62},"end":{"line":37,"column":74}}]},"3":{"loc":{"start":{"line":68,"column":16},"end":{"line":70,"column":17}},"type":"if","locations":[{"start":{"line":68,"column":16},"end":{"line":70,"column":17}}]},"4":{"loc":{"start":{"line":94,"column":20},"end":{"line":97,"column":21}},"type":"if","locations":[{"start":{"line":94,"column":20},"end":{"line":97,"column":21}}]},"5":{"loc":{"start":{"line":100,"column":28},"end":{"line":100,"column":100}},"type":"cond-expr","locations":[{"start":{"line":100,"column":44},"end":{"line":100,"column":89}},{"start":{"line":100,"column":92},"end":{"line":100,"column":100}}]}},"s":{"0":1,"1":1,"2":4,"3":4,"4":4,"5":4,"6":4,"7":4,"8":4,"9":4,"10":4,"11":4,"12":0,"13":4,"14":4,"15":0,"16":0,"17":0,"18":4,"19":4,"20":0,"21":0,"22":0,"23":0,"24":0,"25":0,"26":0,"27":0,"28":0,"29":0,"30":0,"31":0,"32":0,"33":0,"34":0,"35":0,"36":0,"37":0,"38":0,"39":0,"40":0,"41":0,"42":0,"43":0,"44":0,"45":0,"46":0,"47":4,"48":1},"f":{"0":4,"1":4,"2":4,"3":0,"4":0,"5":4,"6":0,"7":0,"8":0,"9":0,"10":0,"11":0,"12":0,"13":0,"14":4},"b":{"0":[0,0],"1":[0,0],"2":[0,0],"3":[0],"4":[0],"5":[0,0]}}
,"/home/liamw/capstone-project-2024-t3-3900f13arat/backend/src/services/csvService.ts": {"path":"/home/liamw/capstone-project-2024-t3-3900f13arat/backend/src/services/csvService.ts","statementMap":{"0":{"start":{"line":19,"column":22},"end":{"line":28,"column":1}},"1":{"start":{"line":20,"column":1},"end":{"line":22,"column":2}},"2":{"start":{"line":21,"column":2},"end":{"line":21,"column":28}},"3":{"start":{"line":23,"column":15},"end":{"line":23,"column":34}},"4":{"start":{"line":24,"column":1},"end":{"line":27,"column":3}},"5":{"start":{"line":30,"column":18},"end":{"line":39,"column":1}},"6":{"start":{"line":31,"column":1},"end":{"line":31,"column":41}},"7":{"start":{"line":31,"column":23},"end":{"line":31,"column":41}},"8":{"start":{"line":32,"column":1},"end":{"line":32,"column":43}},"9":{"start":{"line":32,"column":24},"end":{"line":32,"column":43}},"10":{"start":{"line":33,"column":1},"end":{"line":33,"column":47}},"11":{"start":{"line":33,"column":26},"end":{"line":33,"column":47}},"12":{"start":{"line":34,"column":1},"end":{"line":34,"column":45}},"13":{"start":{"line":34,"column":25},"end":{"line":34,"column":45}},"14":{"start":{"line":35,"column":1},"end":{"line":35,"column":41}},"15":{"start":{"line":35,"column":23},"end":{"line":35,"column":41}},"16":{"start":{"line":36,"column":1},"end":{"line":36,"column":45}},"17":{"start":{"line":36,"column":25},"end":{"line":36,"column":45}},"18":{"start":{"line":37,"column":1},"end":{"line":37,"column":41}},"19":{"start":{"line":37,"column":23},"end":{"line":37,"column":41}},"20":{"start":{"line":38,"column":1},"end":{"line":38,"column":40}},"21":{"start":{"line":45,"column":2},"end":{"line":45,"column":33}},"22":{"start":{"line":49,"column":2},"end":{"line":142,"column":5}},"23":{"start":{"line":50,"column":28},"end":{"line":50,"column":30}},"24":{"start":{"line":51,"column":26},"end":{"line":51,"column":28}},"25":{"start":{"line":52,"column":28},"end":{"line":52,"column":30}},"26":{"start":{"line":57,"column":9},"end":{"line":57,"column":11}},"27":{"start":{"line":59,"column":3},"end":{"line":141,"column":6}},"28":{"start":{"line":62,"column":36},"end":{"line":62,"column":64}},"29":{"start":{"line":63,"column":67},"end":{"line":63,"column":96}},"30":{"start":{"line":64,"column":28},"end":{"line":64,"column":46}},"31":{"start":{"line":65,"column":22},"end":{"line":65,"column":61}},"32":{"start":{"line":66,"column":20},"end":{"line":66,"column":63}},"33":{"start":{"line":67,"column":20},"end":{"line":67,"column":46}},"34":{"start":{"line":68,"column":21},"end":{"line":68,"column":48}},"35":{"start":{"line":70,"column":4},"end":{"line":77,"column":7}},"36":{"start":{"line":79,"column":4},"end":{"line":86,"column":7}},"37":{"start":{"line":88,"column":4},"end":{"line":96,"column":7}},"38":{"start":{"line":98,"column":4},"end":{"line":102,"column":7}},"39":{"start":{"line":104,"column":4},"end":{"line":137,"column":5}},"40":{"start":{"line":105,"column":5},"end":{"line":109,"column":8}},"41":{"start":{"line":110,"column":5},"end":{"line":133,"column":9}},"42":{"start":{"line":111,"column":6},"end":{"line":118,"column":9}},"43":{"start":{"line":119,"column":6},"end":{"line":132,"column":9}},"44":{"start":{"line":134,"column":5},"end":{"line":134,"column":15}},"45":{"start":{"line":136,"column":5},"end":{"line":136,"column":17}},"46":{"start":{"line":139,"column":4},"end":{"line":139,"column":45}},"47":{"start":{"line":140,"column":4},"end":{"line":140,"column":41}},"48":{"start":{"line":145,"column":2},"end":{"line":150,"column":5}},"49":{"start":{"line":146,"column":3},"end":{"line":149,"column":4}},"50":{"start":{"line":147,"column":4},"end":{"line":147,"column":51}},"51":{"start":{"line":148,"column":4},"end":{"line":148,"column":47}}},"fnMap":{"0":{"name":"(anonymous_0)","decl":{"start":{"line":19,"column":22},"end":{"line":19,"column":23}},"loc":{"start":{"line":19,"column":84},"end":{"line":28,"column":1}}},"1":{"name":"(anonymous_1)","decl":{"start":{"line":30,"column":18},"end":{"line":30,"column":19}},"loc":{"start":{"line":30,"column":39},"end":{"line":39,"column":1}}},"2":{"name":"(anonymous_2)","decl":{"start":{"line":44,"column":1},"end":{"line":44,"column":13}},"loc":{"start":{"line":44,"column":32},"end":{"line":46,"column":2}}},"3":{"name":"(anonymous_3)","decl":{"start":{"line":48,"column":8},"end":{"line":48,"column":13}},"loc":{"start":{"line":48,"column":72},"end":{"line":143,"column":2}}},"4":{"name":"(anonymous_4)","decl":{"start":{"line":49,"column":27},"end":{"line":49,"column":28}},"loc":{"start":{"line":49,"column":47},"end":{"line":142,"column":3}}},"5":{"name":"(anonymous_5)","decl":{"start":{"line":61,"column":15},"end":{"line":61,"column":16}},"loc":{"start":{"line":61,"column":35},"end":{"line":103,"column":4}}},"6":{"name":"(anonymous_6)","decl":{"start":{"line":103,"column":16},"end":{"line":103,"column":21}},"loc":{"start":{"line":103,"column":27},"end":{"line":138,"column":4}}},"7":{"name":"(anonymous_7)","decl":{"start":{"line":110,"column":49},"end":{"line":110,"column":54}},"loc":{"start":{"line":110,"column":91},"end":{"line":133,"column":6}}},"8":{"name":"(anonymous_8)","decl":{"start":{"line":138,"column":18},"end":{"line":138,"column":19}},"loc":{"start":{"line":138,"column":26},"end":{"line":141,"column":4}}},"9":{"name":"(anonymous_9)","decl":{"start":{"line":144,"column":8},"end":{"line":144,"column":21}},"loc":{"start":{"line":144,"column":21},"end":{"line":151,"column":2}}},"10":{"name":"(anonymous_10)","decl":{"start":{"line":145,"column":30},"end":{"line":145,"column":31}},"loc":{"start":{"line":145,"column":38},"end":{"line":150,"column":3}}}},"branchMap":{"0":{"loc":{"start":{"line":20,"column":1},"end":{"line":22,"column":2}},"type":"if","locations":[{"start":{"line":20,"column":1},"end":{"line":22,"column":2}}]},"1":{"loc":{"start":{"line":31,"column":1},"end":{"line":31,"column":41}},"type":"if","locations":[{"start":{"line":31,"column":1},"end":{"line":31,"column":41}}]},"2":{"loc":{"start":{"line":32,"column":1},"end":{"line":32,"column":43}},"type":"if","locations":[{"start":{"line":32,"column":1},"end":{"line":32,"column":43}}]},"3":{"loc":{"start":{"line":33,"column":1},"end":{"line":33,"column":47}},"type":"if","locations":[{"start":{"line":33,"column":1},"end":{"line":33,"column":47}}]},"4":{"loc":{"start":{"line":34,"column":1},"end":{"line":34,"column":45}},"type":"if","locations":[{"start":{"line":34,"column":1},"end":{"line":34,"column":45}}]},"5":{"loc":{"start":{"line":35,"column":1},"end":{"line":35,"column":41}},"type":"if","locations":[{"start":{"line":35,"column":1},"end":{"line":35,"column":41}}]},"6":{"loc":{"start":{"line":36,"column":1},"end":{"line":36,"column":45}},"type":"if","locations":[{"start":{"line":36,"column":1},"end":{"line":36,"column":45}}]},"7":{"loc":{"start":{"line":37,"column":1},"end":{"line":37,"column":41}},"type":"if","locations":[{"start":{"line":37,"column":1},"end":{"line":37,"column":41}}]},"8":{"loc":{"start":{"line":146,"column":3},"end":{"line":149,"column":4}},"type":"if","locations":[{"start":{"line":146,"column":3},"end":{"line":149,"column":4}}]}},"s":{"0":1,"1":0,"2":0,"3":0,"4":0,"5":1,"6":0,"7":0,"8":0,"9":0,"10":0,"11":0,"12":0,"13":0,"14":0,"15":0,"16":0,"17":0,"18":0,"19":0,"20":0,"21":0,"22":0,"23":0,"24":0,"25":0,"26":0,"27":0,"28":0,"29":0,"30":0,"31":0,"32":0,"33":0,"34":0,"35":0,"36":0,"37":0,"38":0,"39":0,"40":0,"41":0,"42":0,"43":0,"44":0,"45":0,"46":0,"47":0,"48":0,"49":0,"50":0,"51":0},"f":{"0":0,"1":0,"2":0,"3":0,"4":0,"5":0,"6":0,"7":0,"8":0,"9":0,"10":0},"b":{"0":[0],"1":[0],"2":[0],"3":[0],"4":[0],"5":[0],"6":[0],"7":[0],"8":[0]}}
,"/home/liamw/capstone-project-2024-t3-3900f13arat/backend/src/services/latepenaltyService.ts": {"path":"/home/liamw/capstone-project-2024-t3-3900f13arat/backend/src/services/latepenaltyService.ts","statementMap":{"0":{"start":{"line":10,"column":2},"end":{"line":10,"column":49}},"1":{"start":{"line":12,"column":2},"end":{"line":12,"column":25}},"2":{"start":{"line":13,"column":2},"end":{"line":13,"column":39}},"3":{"start":{"line":14,"column":2},"end":{"line":14,"column":41}},"4":{"start":{"line":18,"column":19},"end":{"line":18,"column":73}},"5":{"start":{"line":19,"column":2},"end":{"line":19,"column":50}},"6":{"start":{"line":23,"column":19},"end":{"line":23,"column":73}},"7":{"start":{"line":24,"column":2},"end":{"line":24,"column":45}},"8":{"start":{"line":32,"column":19},"end":{"line":32,"column":37}},"9":{"start":{"line":33,"column":20},"end":{"line":33,"column":39}},"10":{"start":{"line":34,"column":20},"end":{"line":34,"column":21}},"11":{"start":{"line":35,"column":2},"end":{"line":43,"column":3}},"12":{"start":{"line":36,"column":3},"end":{"line":42,"column":4}},"13":{"start":{"line":37,"column":4},"end":{"line":37,"column":22}},"14":{"start":{"line":38,"column":10},"end":{"line":42,"column":4}},"15":{"start":{"line":39,"column":4},"end":{"line":39,"column":34}},"16":{"start":{"line":41,"column":4},"end":{"line":41,"column":31}},"17":{"start":{"line":44,"column":2},"end":{"line":44,"column":21}},"18":{"start":{"line":54,"column":20},"end":{"line":69,"column":4}},"19":{"start":{"line":71,"column":2},"end":{"line":73,"column":3}},"20":{"start":{"line":72,"column":3},"end":{"line":72,"column":12}},"21":{"start":{"line":75,"column":2},"end":{"line":88,"column":8}},"22":{"start":{"line":76,"column":3},"end":{"line":78,"column":4}},"23":{"start":{"line":77,"column":4},"end":{"line":77,"column":15}},"24":{"start":{"line":80,"column":43},"end":{"line":80,"column":61}},"25":{"start":{"line":82,"column":3},"end":{"line":84,"column":4}},"26":{"start":{"line":83,"column":4},"end":{"line":83,"column":15}},"27":{"start":{"line":86,"column":21},"end":{"line":86,"column":38}},"28":{"start":{"line":87,"column":3},"end":{"line":87,"column":35}},"29":{"start":{"line":98,"column":22},"end":{"line":109,"column":4}},"30":{"start":{"line":111,"column":2},"end":{"line":113,"column":3}},"31":{"start":{"line":112,"column":3},"end":{"line":112,"column":12}},"32":{"start":{"line":115,"column":42},"end":{"line":115,"column":65}},"33":{"start":{"line":117,"column":2},"end":{"line":119,"column":3}},"34":{"start":{"line":118,"column":3},"end":{"line":118,"column":12}},"35":{"start":{"line":121,"column":2},"end":{"line":121,"column":27}}},"fnMap":{"0":{"name":"(anonymous_0)","decl":{"start":{"line":9,"column":1},"end":{"line":9,"column":13}},"loc":{"start":{"line":9,"column":101},"end":{"line":15,"column":2}}},"1":{"name":"(anonymous_1)","decl":{"start":{"line":17,"column":8},"end":{"line":17,"column":19}},"loc":{"start":{"line":17,"column":19},"end":{"line":20,"column":2}}},"2":{"name":"(anonymous_2)","decl":{"start":{"line":22,"column":8},"end":{"line":22,"column":20}},"loc":{"start":{"line":22,"column":20},"end":{"line":25,"column":2}}},"3":{"name":"(anonymous_3)","decl":{"start":{"line":31,"column":8},"end":{"line":31,"column":22}},"loc":{"start":{"line":31,"column":22},"end":{"line":45,"column":2}}},"4":{"name":"(anonymous_4)","decl":{"start":{"line":53,"column":8},"end":{"line":53,"column":14}},"loc":{"start":{"line":53,"column":69},"end":{"line":89,"column":2}}},"5":{"name":"(anonymous_5)","decl":{"start":{"line":75,"column":34},"end":{"line":75,"column":35}},"loc":{"start":{"line":75,"column":50},"end":{"line":88,"column":3}}},"6":{"name":"(anonymous_6)","decl":{"start":{"line":97,"column":8},"end":{"line":97,"column":14}},"loc":{"start":{"line":97,"column":76},"end":{"line":122,"column":2}}}},"branchMap":{"0":{"loc":{"start":{"line":35,"column":2},"end":{"line":43,"column":3}},"type":"if","locations":[{"start":{"line":35,"column":2},"end":{"line":43,"column":3}}]},"1":{"loc":{"start":{"line":36,"column":3},"end":{"line":42,"column":4}},"type":"if","locations":[{"start":{"line":36,"column":3},"end":{"line":42,"column":4}},{"start":{"line":38,"column":10},"end":{"line":42,"column":4}}]},"2":{"loc":{"start":{"line":38,"column":10},"end":{"line":42,"column":4}},"type":"if","locations":[{"start":{"line":38,"column":10},"end":{"line":42,"column":4}},{"start":{"line":40,"column":10},"end":{"line":42,"column":4}}]},"3":{"loc":{"start":{"line":71,"column":2},"end":{"line":73,"column":3}},"type":"if","locations":[{"start":{"line":71,"column":2},"end":{"line":73,"column":3}}]},"4":{"loc":{"start":{"line":76,"column":3},"end":{"line":78,"column":4}},"type":"if","locations":[{"start":{"line":76,"column":3},"end":{"line":78,"column":4}}]},"5":{"loc":{"start":{"line":82,"column":3},"end":{"line":84,"column":4}},"type":"if","locations":[{"start":{"line":82,"column":3},"end":{"line":84,"column":4}}]},"6":{"loc":{"start":{"line":82,"column":7},"end":{"line":82,"column":47}},"type":"binary-expr","locations":[{"start":{"line":82,"column":7},"end":{"line":82,"column":26}},{"start":{"line":82,"column":30},"end":{"line":82,"column":47}}]},"7":{"loc":{"start":{"line":111,"column":2},"end":{"line":113,"column":3}},"type":"if","locations":[{"start":{"line":111,"column":2},"end":{"line":113,"column":3}}]},"8":{"loc":{"start":{"line":111,"column":6},"end":{"line":111,"column":46}},"type":"binary-expr","locations":[{"start":{"line":111,"column":6},"end":{"line":111,"column":18}},{"start":{"line":111,"column":22},"end":{"line":111,"column":46}}]},"9":{"loc":{"start":{"line":117,"column":2},"end":{"line":119,"column":3}},"type":"if","locations":[{"start":{"line":117,"column":2},"end":{"line":119,"column":3}}]},"10":{"loc":{"start":{"line":117,"column":6},"end":{"line":117,"column":46}},"type":"binary-expr","locations":[{"start":{"line":117,"column":6},"end":{"line":117,"column":25}},{"start":{"line":117,"column":29},"end":{"line":117,"column":46}}]}},"s":{"0":0,"1":0,"2":0,"3":0,"4":0,"5":0,"6":0,"7":0,"8":0,"9":0,"10":0,"11":0,"12":0,"13":0,"14":0,"15":0,"16":0,"17":0,"18":0,"19":0,"20":0,"21":0,"22":0,"23":0,"24":0,"25":0,"26":0,"27":0,"28":0,"29":0,"30":0,"31":0,"32":0,"33":0,"34":0,"35":0},"f":{"0":0,"1":0,"2":0,"3":0,"4":0,"5":0,"6":0},"b":{"0":[0],"1":[0,0],"2":[0,0],"3":[0],"4":[0],"5":[0],"6":[0,0],"7":[0],"8":[0,0],"9":[0],"10":[0,0]}}
,"/home/liamw/capstone-project-2024-t3-3900f13arat/backend/src/tests/utils.ts": {"path":"/home/liamw/capstone-project-2024-t3-3900f13arat/backend/src/tests/utils.ts","statementMap":{"0":{"start":{"line":5,"column":2},"end":{"line":15,"column":5}},"1":{"start":{"line":6,"column":4},"end":{"line":14,"column":7}},"2":{"start":{"line":7,"column":6},"end":{"line":13,"column":7}},"3":{"start":{"line":8,"column":8},"end":{"line":8,"column":61}},"4":{"start":{"line":9,"column":8},"end":{"line":9,"column":22}},"5":{"start":{"line":11,"column":8},"end":{"line":11,"column":49}},"6":{"start":{"line":12,"column":8},"end":{"line":12,"column":18}},"7":{"start":{"line":21,"column":15},"end":{"line":26,"column":4}},"8":{"start":{"line":28,"column":19},"end":{"line":37,"column":4}},"9":{"start":{"line":40,"column":17},"end":{"line":46,"column":4}},"10":{"start":{"line":49,"column":2},"end":{"line":56,"column":5}}},"fnMap":{"0":{"name":"resetDatabase","decl":{"start":{"line":4,"column":16},"end":{"line":4,"column":29}},"loc":{"start":{"line":4,"column":29},"end":{"line":16,"column":1}}},"1":{"name":"(anonymous_1)","decl":{"start":{"line":5,"column":21},"end":{"line":5,"column":22}},"loc":{"start":{"line":5,"column":41},"end":{"line":15,"column":3}}},"2":{"name":"(anonymous_2)","decl":{"start":{"line":6,"column":57},"end":{"line":6,"column":58}},"loc":{"start":{"line":6,"column":83},"end":{"line":14,"column":5}}},"3":{"name":"populateSampleDatabase","decl":{"start":{"line":18,"column":22},"end":{"line":18,"column":44}},"loc":{"start":{"line":18,"column":65},"end":{"line":57,"column":1}}}},"branchMap":{"0":{"loc":{"start":{"line":7,"column":6},"end":{"line":13,"column":7}},"type":"if","locations":[{"start":{"line":7,"column":6},"end":{"line":13,"column":7}},{"start":{"line":10,"column":13},"end":{"line":13,"column":7}}]}},"s":{"0":11,"1":11,"2":11,"3":0,"4":0,"5":11,"6":11,"7":0,"8":0,"9":0,"10":0},"f":{"0":11,"1":11,"2":11,"3":0},"b":{"0":[0,11]}}
}
