TN:
SF:src/app.ts
FN:12,(anonymous_0)
FN:19,(anonymous_1)
FN:24,(anonymous_2)
FNF:3
FNH:3
FNDA:1,(anonymous_0)
FNDA:1,(anonymous_1)
FNDA:1,(anonymous_2)
DA:13,1
DA:15,1
DA:16,1
DA:20,1
DA:21,1
DA:25,1
DA:26,1
DA:27,1
DA:28,1
DA:29,1
LF:10
LH:10
BRF:0
BRH:0
end_of_record
TN:
SF:src/prismaClient.ts
FNF:0
FNH:0
DA:3,1
LF:1
LH:1
BRF:0
BRH:0
end_of_record
TN:
SF:src/testCases.ts
FN:25,createTestCase
FNF:1
FNH:0
FNDA:0,createTestCase
DA:27,0
DA:33,0
DA:34,0
DA:38,0
DA:44,0
DA:45,0
DA:50,0
DA:51,0
DA:55,0
DA:63,0
LF:10
LH:0
BRDA:33,0,0,0
BRDA:44,1,0,0
BRDA:50,2,0,0
BRDA:50,3,0,0
BRDA:50,3,1,0
BRF:5
BRH:0
end_of_record
TN:
SF:src/controllers/adminController.ts
FN:6,(anonymous_0)
FN:53,(anonymous_1)
FN:54,mapTermToTrimester
FN:110,(anonymous_3)
FN:126,(anonymous_4)
FN:143,(anonymous_5)
FN:152,(anonymous_6)
FN:164,(anonymous_7)
FN:178,(anonymous_8)
FN:215,(anonymous_9)
FN:227,(anonymous_10)
FN:230,(anonymous_11)
FN:240,(anonymous_12)
FNF:13
FNH:7
FNDA:0,(anonymous_0)
FNDA:10,(anonymous_1)
FNDA:30,mapTermToTrimester
FNDA:10,(anonymous_3)
FNDA:0,(anonymous_4)
FNDA:10,(anonymous_5)
FNDA:0,(anonymous_6)
FNDA:0,(anonymous_7)
FNDA:0,(anonymous_8)
FNDA:10,(anonymous_9)
FNDA:10,(anonymous_10)
FNDA:10,(anonymous_11)
FNDA:0,(anonymous_12)
DA:6,1
DA:7,0
DA:8,0
DA:9,0
DA:10,0
DA:13,0
DA:14,0
DA:15,0
DA:18,0
DA:19,0
DA:28,0
DA:33,0
DA:34,0
DA:35,0
DA:37,0
DA:46,0
DA:48,0
DA:49,0
DA:53,1
DA:55,30
DA:57,0
DA:59,30
DA:61,0
DA:63,0
DA:65,0
DA:69,10
DA:70,10
DA:71,10
DA:75,10
DA:76,0
DA:77,0
DA:80,10
DA:94,10
DA:102,10
DA:104,0
DA:105,0
DA:110,1
DA:111,10
DA:112,10
DA:113,10
DA:120,10
DA:122,0
DA:126,1
DA:127,0
DA:128,0
DA:129,0
DA:131,0
DA:143,1
DA:144,10
DA:145,10
DA:146,10
DA:148,0
DA:152,1
DA:153,0
DA:154,0
DA:164,0
DA:172,0
DA:174,0
DA:178,1
DA:179,0
DA:180,0
DA:195,0
DA:196,0
DA:197,0
DA:200,0
DA:209,0
DA:211,0
DA:215,1
DA:216,10
DA:217,10
DA:219,10
DA:220,10
DA:227,10
DA:230,10
DA:234,10
DA:236,0
DA:240,1
DA:241,0
DA:242,0
DA:244,0
DA:245,0
DA:246,0
DA:250,0
DA:251,0
DA:252,0
DA:253,0
DA:255,0
LF:87
LH:32
BRDA:13,0,0,0
BRDA:18,1,0,0
BRDA:18,1,1,0
BRDA:33,2,0,0
BRDA:55,3,0,0
BRDA:55,3,1,30
BRDA:55,3,2,0
BRDA:55,3,3,0
BRDA:55,3,4,0
BRDA:75,4,0,0
BRDA:195,5,0,0
BRDA:244,6,0,0
BRF:12
BRH:1
end_of_record
TN:
SF:src/controllers/authController.ts
FN:6,(anonymous_0)
FN:25,(anonymous_1)
FNF:2
FNH:2
FNDA:20,(anonymous_0)
FNDA:20,(anonymous_1)
DA:6,1
DA:7,20
DA:8,20
DA:9,20
DA:14,20
DA:15,20
DA:16,20
DA:18,0
DA:21,0
DA:25,1
DA:26,20
DA:28,20
DA:29,0
DA:30,0
DA:33,20
DA:34,20
DA:35,20
DA:36,20
DA:37,10
DA:39,20
DA:48,20
DA:50,0
DA:51,0
DA:52,0
DA:55,0
LF:25
LH:17
BRDA:14,0,0,20
BRDA:14,0,1,0
BRDA:14,1,0,20
BRDA:14,1,1,20
BRDA:28,2,0,0
BRDA:36,3,0,10
BRDA:50,4,0,0
BRDA:50,4,1,0
BRDA:51,5,0,0
BRF:9
BRH:4
end_of_record
TN:
SF:src/controllers/lecturerController.ts
FN:7,(anonymous_0)
FN:47,(anonymous_1)
FN:86,(anonymous_2)
FN:111,(anonymous_3)
FN:138,(anonymous_4)
FN:148,(anonymous_5)
FN:163,(anonymous_6)
FN:190,(anonymous_7)
FN:209,(anonymous_8)
FN:230,(anonymous_9)
FN:245,(anonymous_10)
FN:275,(anonymous_11)
FN:283,(anonymous_12)
FN:297,(anonymous_13)
FN:322,(anonymous_14)
FN:324,(anonymous_15)
FN:327,(anonymous_16)
FN:335,(anonymous_17)
FN:339,(anonymous_18)
FN:352,(anonymous_19)
FN:353,(anonymous_20)
FNF:21
FNH:1
FNDA:20,(anonymous_0)
FNDA:0,(anonymous_1)
FNDA:0,(anonymous_2)
FNDA:0,(anonymous_3)
FNDA:0,(anonymous_4)
FNDA:0,(anonymous_5)
FNDA:0,(anonymous_6)
FNDA:0,(anonymous_7)
FNDA:0,(anonymous_8)
FNDA:0,(anonymous_9)
FNDA:0,(anonymous_10)
FNDA:0,(anonymous_11)
FNDA:0,(anonymous_12)
FNDA:0,(anonymous_13)
FNDA:0,(anonymous_14)
FNDA:0,(anonymous_15)
FNDA:0,(anonymous_16)
FNDA:0,(anonymous_17)
FNDA:0,(anonymous_18)
FNDA:0,(anonymous_19)
FNDA:0,(anonymous_20)
DA:7,1
DA:8,20
DA:9,20
DA:10,0
DA:11,0
DA:21,20
DA:23,20
DA:41,20
DA:43,0
DA:47,1
DA:48,0
DA:49,0
DA:50,0
DA:51,0
DA:60,0
DA:62,0
DA:63,0
DA:64,0
DA:67,0
DA:79,0
DA:81,0
DA:82,0
DA:86,1
DA:87,0
DA:88,0
DA:90,0
DA:100,0
DA:101,0
DA:102,0
DA:105,0
DA:107,0
DA:111,1
DA:112,0
DA:113,0
DA:115,0
DA:121,0
DA:122,0
DA:123,0
DA:126,0
DA:132,0
DA:134,0
DA:138,1
DA:139,0
DA:140,0
DA:141,0
DA:142,0
DA:144,0
DA:148,1
DA:149,0
DA:150,0
DA:151,0
DA:153,0
DA:154,0
DA:155,0
DA:157,0
DA:159,0
DA:163,1
DA:164,0
DA:165,0
DA:166,0
DA:179,0
DA:180,0
DA:181,0
DA:184,0
DA:186,0
DA:190,1
DA:191,0
DA:192,0
DA:193,0
DA:199,0
DA:200,0
DA:201,0
DA:203,0
DA:205,0
DA:209,1
DA:210,0
DA:211,0
DA:225,0
DA:226,0
DA:227,0
DA:230,0
DA:239,0
DA:241,0
DA:245,1
DA:246,0
DA:247,0
DA:248,0
DA:263,0
DA:264,0
DA:265,0
DA:268,0
DA:275,0
DA:283,0
DA:291,0
DA:293,0
DA:297,1
DA:298,0
DA:299,0
DA:301,0
DA:317,0
DA:318,0
DA:319,0
DA:322,0
DA:323,0
DA:324,0
DA:326,0
DA:327,0
DA:328,0
DA:331,0
DA:335,0
DA:336,0
DA:337,0
DA:339,0
DA:340,0
DA:341,0
DA:342,0
DA:345,0
DA:347,0
DA:350,0
DA:352,0
DA:353,0
DA:355,0
DA:367,0
DA:369,0
LF:124
LH:16
BRDA:9,0,0,0
BRDA:49,1,0,0
BRDA:62,2,0,0
BRDA:100,3,0,0
BRDA:121,4,0,0
BRDA:153,5,0,0
BRDA:179,6,0,0
BRDA:199,7,0,0
BRDA:225,8,0,0
BRDA:263,9,0,0
BRDA:317,10,0,0
BRDA:323,11,0,0
BRDA:323,11,1,0
BRDA:324,12,0,0
BRDA:324,12,1,0
BRDA:326,13,0,0
BRDA:326,14,0,0
BRDA:326,14,1,0
BRDA:327,15,0,0
BRDA:327,15,1,0
BRDA:340,16,0,0
BRDA:340,16,1,0
BRDA:341,17,0,0
BRDA:347,18,0,0
BRDA:347,18,1,0
BRDA:353,19,0,0
BRDA:353,19,1,0
BRF:27
BRH:0
end_of_record
TN:
SF:src/controllers/studentController.ts
FN:6,(anonymous_0)
FN:10,(anonymous_1)
FN:14,(anonymous_2)
FN:48,(anonymous_3)
FN:49,(anonymous_4)
FN:58,(anonymous_5)
FN:62,(anonymous_6)
FN:66,(anonymous_7)
FN:87,(anonymous_8)
FN:102,(anonymous_9)
FN:133,(anonymous_10)
FN:149,(anonymous_11)
FNF:12
FNH:7
FNDA:4,(anonymous_0)
FNDA:0,(anonymous_1)
FNDA:4,(anonymous_2)
FNDA:0,(anonymous_3)
FNDA:0,(anonymous_4)
FNDA:0,(anonymous_5)
FNDA:0,(anonymous_6)
FNDA:2,(anonymous_7)
FNDA:1,(anonymous_8)
FNDA:3,(anonymous_9)
FNDA:2,(anonymous_10)
FNDA:3,(anonymous_11)
DA:6,1
DA:7,4
DA:10,1
DA:11,0
DA:14,1
DA:15,4
DA:16,4
DA:18,4
DA:19,0
DA:20,0
DA:23,4
DA:24,0
DA:25,0
DA:28,4
DA:29,4
DA:31,4
DA:32,4
DA:41,4
DA:42,4
DA:44,4
DA:48,0
DA:49,0
DA:52,4
DA:54,0
DA:58,1
DA:59,0
DA:62,1
DA:63,0
DA:66,1
DA:67,2
DA:68,2
DA:82,2
DA:83,0
DA:84,0
DA:87,2
DA:96,2
DA:98,0
DA:102,1
DA:103,3
DA:104,3
DA:105,3
DA:121,3
DA:122,2
DA:123,2
DA:126,1
DA:133,2
DA:143,1
DA:145,0
DA:149,1
DA:150,3
DA:151,3
DA:152,3
DA:162,3
DA:163,2
DA:164,2
DA:167,1
DA:169,0
LF:57
LH:42
BRDA:18,0,0,0
BRDA:23,1,0,0
BRDA:29,2,0,0
BRDA:29,2,1,4
BRDA:37,3,0,0
BRDA:37,3,1,4
BRDA:82,4,0,0
BRDA:121,5,0,2
BRDA:162,6,0,2
BRF:9
BRH:4
end_of_record
TN:
SF:src/controllers/tutorController.ts
FN:4,(anonymous_0)
FN:25,(anonymous_1)
FN:40,(anonymous_2)
FN:72,(anonymous_3)
FN:80,(anonymous_4)
FNF:5
FNH:0
FNDA:0,(anonymous_0)
FNDA:0,(anonymous_1)
FNDA:0,(anonymous_2)
FNDA:0,(anonymous_3)
FNDA:0,(anonymous_4)
DA:4,1
DA:5,0
DA:6,0
DA:20,0
DA:21,0
DA:22,0
DA:25,0
DA:34,0
DA:36,0
DA:40,1
DA:41,0
DA:42,0
DA:43,0
DA:60,0
DA:61,0
DA:62,0
DA:65,0
DA:72,0
DA:80,0
DA:88,0
DA:90,0
LF:21
LH:2
BRDA:20,0,0,0
BRDA:60,1,0,0
BRF:2
BRH:0
end_of_record
TN:
SF:src/middleware/assignment.ts
FN:5,(anonymous_0)
FNF:1
FNH:1
FNDA:20,(anonymous_0)
DA:5,1
DA:10,20
DA:11,20
DA:12,20
DA:19,20
DA:22,20
DA:25,20
DA:34,0
DA:35,0
DA:39,20
DA:40,20
DA:41,0
DA:42,0
DA:46,20
DA:52,20
DA:53,0
DA:54,0
DA:58,20
DA:65,20
DA:66,0
DA:67,0
DA:71,20
DA:72,0
DA:79,0
DA:80,0
DA:81,0
DA:86,20
DA:96,20
DA:98,0
DA:99,0
LF:30
LH:16
BRDA:25,0,0,0
BRDA:26,1,0,20
BRDA:26,1,1,20
BRDA:26,1,2,20
BRDA:26,1,3,20
BRDA:26,1,4,20
BRDA:26,1,5,20
BRDA:26,1,6,20
BRDA:26,1,7,0
BRDA:40,2,0,0
BRDA:52,3,0,0
BRDA:65,4,0,0
BRDA:71,5,0,0
BRDA:79,6,0,0
BRDA:93,7,0,0
BRDA:93,7,1,20
BRF:16
BRH:8
end_of_record
TN:
SF:src/middleware/jwt.ts
FN:8,(anonymous_0)
FN:12,(anonymous_1)
FN:18,(anonymous_2)
FN:28,(anonymous_3)
FN:58,(anonymous_4)
FNF:5
FNH:4
FNDA:20,(anonymous_0)
FNDA:73,(anonymous_1)
FNDA:73,(anonymous_2)
FNDA:40,(anonymous_3)
FNDA:0,(anonymous_4)
DA:6,1
DA:8,1
DA:9,20
DA:12,1
DA:13,73
DA:14,73
DA:15,0
DA:16,0
DA:18,73
DA:19,73
DA:20,1
DA:21,1
DA:23,72
DA:24,72
DA:28,1
DA:29,40
DA:30,40
DA:31,0
DA:32,0
DA:35,40
DA:36,40
DA:37,40
DA:41,40
DA:42,0
DA:43,0
DA:46,40
DA:47,0
DA:48,0
DA:51,40
DA:53,0
DA:58,1
DA:59,0
DA:60,0
DA:61,0
DA:64,0
DA:65,0
DA:67,0
DA:71,0
LF:38
LH:22
BRDA:6,0,0,1
BRDA:6,0,1,1
BRDA:14,1,0,0
BRDA:19,2,0,1
BRDA:30,3,0,0
BRDA:41,4,0,0
BRDA:46,5,0,0
BRDA:60,6,0,0
BRF:8
BRH:3
end_of_record
TN:
SF:src/middleware/multer.ts
FN:11,(anonymous_0)
FN:18,(anonymous_1)
FN:31,(anonymous_2)
FN:37,(anonymous_3)
FN:43,(anonymous_4)
FN:55,(anonymous_5)
FNF:6
FNH:3
FNDA:4,(anonymous_0)
FNDA:4,(anonymous_1)
FNDA:0,(anonymous_2)
FNDA:0,(anonymous_3)
FNDA:4,(anonymous_4)
FNDA:0,(anonymous_5)
DA:7,1
DA:8,1
DA:10,1
DA:12,4
DA:13,4
DA:15,4
DA:16,4
DA:19,4
DA:20,0
DA:21,0
DA:23,4
DA:25,4
DA:26,4
DA:30,1
DA:32,0
DA:34,0
DA:35,0
DA:38,0
DA:39,0
DA:43,1
DA:48,4
DA:49,4
DA:51,0
DA:55,1
DA:60,0
DA:61,0
DA:63,0
DA:67,1
DA:72,1
LF:29
LH:18
BRDA:19,0,0,0
BRDA:48,1,0,4
BRDA:48,1,1,0
BRDA:48,2,0,4
BRDA:48,2,1,0
BRDA:60,3,0,0
BRDA:60,3,1,0
BRDA:60,4,0,0
BRDA:60,4,1,0
BRF:9
BRH:2
end_of_record
TN:
SF:src/middleware/submission.ts
FN:4,(anonymous_0)
FN:55,(anonymous_1)
FN:63,(anonymous_2)
FN:108,(anonymous_3)
FN:113,(anonymous_4)
FN:114,(anonymous_5)
FN:116,(anonymous_6)
FNF:7
FNH:1
FNDA:4,(anonymous_0)
FNDA:0,(anonymous_1)
FNDA:0,(anonymous_2)
FNDA:0,(anonymous_3)
FNDA:0,(anonymous_4)
FNDA:0,(anonymous_5)
FNDA:0,(anonymous_6)
DA:4,1
DA:9,4
DA:10,4
DA:12,4
DA:13,4
DA:38,4
DA:39,0
DA:40,0
DA:43,4
DA:44,0
DA:45,0
DA:48,4
DA:49,0
DA:50,0
DA:52,4
DA:55,0
DA:57,4
DA:59,0
DA:63,1
DA:68,0
DA:69,0
DA:70,0
DA:71,0
DA:72,0
DA:92,0
DA:93,0
DA:94,0
DA:97,0
DA:103,0
DA:104,0
DA:105,0
DA:108,0
DA:109,0
DA:110,0
DA:113,0
DA:114,0
DA:116,0
DA:117,0
DA:118,0
DA:121,0
DA:126,0
DA:128,0
LF:42
LH:11
BRDA:38,0,0,0
BRDA:43,1,0,0
BRDA:48,2,0,0
BRDA:92,3,0,0
BRDA:103,4,0,0
BRDA:108,5,0,0
BRDA:116,6,0,0
BRF:7
BRH:0
end_of_record
TN:
SF:src/routes/adminRouter.ts
FNF:0
FNH:0
DA:16,1
DA:18,1
DA:20,1
DA:44,1
DA:45,1
DA:61,1
DA:76,1
DA:90,1
DA:108,1
DA:124,1
DA:135,1
LF:11
LH:11
BRF:0
BRH:0
end_of_record
TN:
SF:src/routes/authRouter.ts
FNF:0
FNH:0
DA:4,1
DA:14,1
DA:27,1
LF:3
LH:3
BRF:0
BRH:0
end_of_record
TN:
SF:src/routes/lecturerRouter.ts
FNF:0
FNH:0
DA:18,1
DA:19,1
DA:33,1
DA:60,1
DA:79,1
DA:99,1
DA:110,1
DA:125,1
DA:128,1
DA:131,1
DA:134,1
DA:137,1
DA:140,1
DA:149,1
DA:152,1
DA:155,1
LF:16
LH:16
BRF:0
BRH:0
end_of_record
TN:
SF:src/routes/studentRouter.ts
FNF:0
FNH:0
DA:12,1
DA:13,1
DA:31,1
DA:51,1
DA:54,1
DA:57,1
DA:60,1
DA:63,1
DA:77,1
DA:99,1
DA:109,1
LF:11
LH:11
BRF:0
BRH:0
end_of_record
TN:
SF:src/routes/tutorRouter.ts
FNF:0
FNH:0
DA:5,1
DA:6,1
DA:20,1
DA:42,1
DA:45,1
DA:48,1
DA:51,1
DA:54,1
DA:57,1
DA:60,1
LF:10
LH:10
BRF:0
BRH:0
end_of_record
TN:
SF:src/services/autotestService.ts
FN:18,(anonymous_0)
FN:47,(anonymous_1)
FN:28,(anonymous_2)
FN:31,(anonymous_3)
FN:34,(anonymous_4)
FN:52,(anonymous_5)
FN:61,(anonymous_6)
FN:66,(anonymous_7)
FN:67,(anonymous_8)
FN:77,(anonymous_9)
FN:82,(anonymous_10)
FN:89,(anonymous_11)
FN:90,(anonymous_12)
FN:93,(anonymous_13)
FN:109,(anonymous_14)
FNF:15
FNH:5
FNDA:4,(anonymous_0)
FNDA:4,(anonymous_1)
FNDA:4,(anonymous_2)
FNDA:0,(anonymous_3)
FNDA:0,(anonymous_4)
FNDA:4,(anonymous_5)
FNDA:0,(anonymous_6)
FNDA:0,(anonymous_7)
FNDA:0,(anonymous_8)
FNDA:0,(anonymous_9)
FNDA:0,(anonymous_10)
FNDA:0,(anonymous_11)
FNDA:0,(anonymous_12)
FNDA:0,(anonymous_13)
FNDA:4,(anonymous_14)
DA:7,1
DA:8,1
DA:11,1
DA:20,4
DA:21,4
DA:22,4
DA:24,4
DA:25,4
DA:29,4
DA:30,4
DA:31,4
DA:32,4
DA:34,4
DA:42,0
DA:43,0
DA:47,4
DA:48,4
DA:53,4
DA:54,4
DA:62,0
DA:63,0
DA:64,0
DA:66,0
DA:67,0
DA:68,0
DA:69,0
DA:71,0
DA:77,0
DA:78,0
DA:79,0
DA:82,0
DA:83,0
DA:85,0
DA:86,0
DA:89,0
DA:90,0
DA:93,0
DA:94,0
DA:96,0
DA:98,0
DA:99,0
DA:100,0
DA:104,0
DA:110,4
LF:44
LH:18
BRDA:35,0,0,0
BRDA:35,0,1,0
BRDA:36,1,0,0
BRDA:36,1,1,0
BRDA:37,2,0,0
BRDA:37,2,1,0
BRDA:68,3,0,0
BRDA:94,4,0,0
BRDA:100,5,0,0
BRDA:100,5,1,0
BRF:10
BRH:0
end_of_record
TN:
SF:src/services/csvService.ts
FN:19,(anonymous_0)
FN:30,(anonymous_1)
FN:44,(anonymous_2)
FN:48,(anonymous_3)
FN:49,(anonymous_4)
FN:61,(anonymous_5)
FN:103,(anonymous_6)
FN:110,(anonymous_7)
FN:138,(anonymous_8)
FN:144,(anonymous_9)
FN:145,(anonymous_10)
FNF:11
FNH:0
FNDA:0,(anonymous_0)
FNDA:0,(anonymous_1)
FNDA:0,(anonymous_2)
FNDA:0,(anonymous_3)
FNDA:0,(anonymous_4)
FNDA:0,(anonymous_5)
FNDA:0,(anonymous_6)
FNDA:0,(anonymous_7)
FNDA:0,(anonymous_8)
FNDA:0,(anonymous_9)
FNDA:0,(anonymous_10)
DA:19,1
DA:20,0
DA:21,0
DA:23,0
DA:24,0
DA:30,1
DA:31,0
DA:32,0
DA:33,0
DA:34,0
DA:35,0
DA:36,0
DA:37,0
DA:38,0
DA:45,0
DA:49,0
DA:50,0
DA:51,0
DA:52,0
DA:57,0
DA:59,0
DA:62,0
DA:63,0
DA:64,0
DA:65,0
DA:66,0
DA:67,0
DA:68,0
DA:70,0
DA:79,0
DA:88,0
DA:98,0
DA:104,0
DA:105,0
DA:110,0
DA:111,0
DA:119,0
DA:134,0
DA:136,0
DA:139,0
DA:140,0
DA:145,0
DA:146,0
DA:147,0
DA:148,0
LF:45
LH:2
BRDA:20,0,0,0
BRDA:31,1,0,0
BRDA:32,2,0,0
BRDA:33,3,0,0
BRDA:34,4,0,0
BRDA:35,5,0,0
BRDA:36,6,0,0
BRDA:37,7,0,0
BRDA:146,8,0,0
BRF:9
BRH:0
end_of_record
TN:
SF:src/services/latepenaltyService.ts
FN:9,(anonymous_0)
FN:17,(anonymous_1)
FN:22,(anonymous_2)
FN:31,(anonymous_3)
FN:53,(anonymous_4)
FN:75,(anonymous_5)
FN:97,(anonymous_6)
FNF:7
FNH:0
FNDA:0,(anonymous_0)
FNDA:0,(anonymous_1)
FNDA:0,(anonymous_2)
FNDA:0,(anonymous_3)
FNDA:0,(anonymous_4)
FNDA:0,(anonymous_5)
FNDA:0,(anonymous_6)
DA:10,0
DA:12,0
DA:13,0
DA:14,0
DA:18,0
DA:19,0
DA:23,0
DA:24,0
DA:32,0
DA:33,0
DA:34,0
DA:35,0
DA:36,0
DA:37,0
DA:38,0
DA:39,0
DA:41,0
DA:44,0
DA:54,0
DA:71,0
DA:72,0
DA:75,0
DA:76,0
DA:77,0
DA:80,0
DA:82,0
DA:83,0
DA:86,0
DA:87,0
DA:98,0
DA:111,0
DA:112,0
DA:115,0
DA:117,0
DA:118,0
DA:121,0
LF:36
LH:0
BRDA:35,0,0,0
BRDA:36,1,0,0
BRDA:36,1,1,0
BRDA:38,2,0,0
BRDA:38,2,1,0
BRDA:71,3,0,0
BRDA:76,4,0,0
BRDA:82,5,0,0
BRDA:82,6,0,0
BRDA:82,6,1,0
BRDA:111,7,0,0
BRDA:111,8,0,0
BRDA:111,8,1,0
BRDA:117,9,0,0
BRDA:117,10,0,0
BRDA:117,10,1,0
BRF:16
BRH:0
end_of_record
TN:
SF:src/tests/utils.ts
FN:4,resetDatabase
FN:5,(anonymous_1)
FN:6,(anonymous_2)
FN:18,populateSampleDatabase
FNF:4
FNH:3
FNDA:11,resetDatabase
FNDA:11,(anonymous_1)
FNDA:11,(anonymous_2)
FNDA:0,populateSampleDatabase
DA:5,11
DA:6,11
DA:7,11
DA:8,0
DA:9,0
DA:11,11
DA:12,11
DA:21,0
DA:28,0
DA:40,0
DA:49,0
LF:11
LH:5
BRDA:7,0,0,0
BRDA:7,0,1,11
BRF:2
BRH:1
end_of_record
